2025-01-21 01:08:27,654 [INFO] Activator:176 - 


2025-01-21 01:08:27,662 [INFO] Activator:177 - !SESSION log4j initialized
2025-01-21 01:08:31,964 [INFO] LogOutputStream:77 - [STDOUT_REDIRECT] 
2025-01-21 01:08:32,748 [INFO] ApplicationProperties:184 - Using Application install path: C:\ST\STM32CubeIDE_1.17.0\STM32CubeIDE\plugins\com.st.stm32cube.common.mx_6.13.0.202411220809
2025-01-21 01:08:32,759 [INFO] DbMcusXml:78 - Set database path to: C:\ST\STM32CubeIDE_1.17.0\STM32CubeIDE\plugins\com.st.stm32cube.common.mx_6.13.0.202411220809\\db\/mcu/
2025-01-21 01:08:32,759 [INFO] ApiDb:274 - Set plugin database path to: C:\ST\STM32CubeIDE_1.17.0\STM32CubeIDE\plugins\com.st.stm32cube.common.mx_6.13.0.202411220809\\db\/plugins/boardmanager/
2025-01-21 01:08:32,759 [WARN] ApiDb:259 - Overriding images path with different value:  => C:\ST\STM32CubeIDE_1.17.0\STM32CubeIDE\plugins\com.st.stm32cube.common.mx_6.13.0.202411220809\\db\/plugins/mcufinder/images/
2025-01-21 01:08:32,764 [INFO] ApiDb:250 - Set database path to: C:\Users\ahmad\.stmcufinder\plugins\mcufinder//mcu/
2025-01-21 01:08:32,765 [INFO] DbMcusAds:125 - Set database path to: C:\Users\ahmad\.stmcufinder\plugins\mcufinder//mcu/
2025-01-21 01:08:32,766 [INFO] CrossReferenceDbSqlite:203 - Set database path to: C:\Users\ahmad\.stmcufinder\plugins\mcufinder//mcu/cs/
2025-01-21 01:08:32,840 [INFO] RulesReader:64 - Compatibility file has been processed (297 Rules)
2025-01-21 01:08:32,899 [INFO] DbMcusXml:78 - Set database path to: C:\ST\STM32CubeIDE_1.17.0\STM32CubeIDE\plugins\com.st.stm32cube.common.mx_6.13.0.202411220809\\db\/mcu/
2025-01-21 01:08:32,899 [INFO] ApiDb:274 - Set plugin database path to: C:\ST\STM32CubeIDE_1.17.0\STM32CubeIDE\plugins\com.st.stm32cube.common.mx_6.13.0.202411220809\\db\/plugins/boardmanager/
2025-01-21 01:08:32,899 [INFO] ApiDb:261 - Set plugin images path to: C:\ST\STM32CubeIDE_1.17.0\STM32CubeIDE\plugins\com.st.stm32cube.common.mx_6.13.0.202411220809\\db\/plugins/mcufinder/images/
2025-01-21 01:08:32,900 [WARN] DbFile:41 - Overriding database path with different value: C:\Users\ahmad\.stmcufinder\plugins\mcufinder/ => C:\Users\ahmad\.stmcufinder\plugins\mcufinder
2025-01-21 01:08:32,900 [INFO] ApiDb:250 - Set database path to: C:\Users\ahmad\.stmcufinder\plugins\mcufinder//mcu/
2025-01-21 01:08:32,900 [WARN] DbFile:41 - Overriding database path with different value: C:\Users\ahmad\.stmcufinder\plugins\mcufinder/ => C:\Users\ahmad\.stmcufinder\plugins\mcufinder
2025-01-21 01:08:32,900 [INFO] DbMcusAds:125 - Set database path to: C:\Users\ahmad\.stmcufinder\plugins\mcufinder//mcu/
2025-01-21 01:08:32,900 [WARN] DbFile:41 - Overriding database path with different value: C:\Users\ahmad\.stmcufinder\plugins\mcufinder/ => C:\Users\ahmad\.stmcufinder\plugins\mcufinder
2025-01-21 01:08:32,900 [WARN] DbFile:41 - Overriding database path with different value: C:\Users\ahmad\.stmcufinder\plugins\mcufinder/ => C:\Users\ahmad\.stmcufinder\plugins\mcufinder
2025-01-21 01:08:32,900 [INFO] CrossReferenceDbSqlite:203 - Set database path to: C:\Users\ahmad\.stmcufinder\plugins\mcufinder//mcu/cs/
2025-01-21 01:08:32,955 [INFO] MainPanel:272 - HeapMemory: 268435456
2025-01-21 01:08:33,029 [INFO] DbMcusXml:78 - Set database path to: C:\ST\STM32CubeIDE_1.17.0\STM32CubeIDE\plugins\com.st.stm32cube.common.mx_6.13.0.202411220809\\db\/mcu/
2025-01-21 01:08:33,029 [INFO] ApiDb:274 - Set plugin database path to: C:\ST\STM32CubeIDE_1.17.0\STM32CubeIDE\plugins\com.st.stm32cube.common.mx_6.13.0.202411220809\\db\/plugins/boardmanager/
2025-01-21 01:08:33,029 [INFO] ApiDb:261 - Set plugin images path to: C:\ST\STM32CubeIDE_1.17.0\STM32CubeIDE\plugins\com.st.stm32cube.common.mx_6.13.0.202411220809\\db\/plugins/mcufinder/images/
2025-01-21 01:08:33,029 [WARN] DbFile:41 - Overriding database path with different value: C:\Users\ahmad\.stmcufinder\plugins\mcufinder/ => C:\Users\ahmad\.stmcufinder\plugins\mcufinder
2025-01-21 01:08:33,029 [INFO] ApiDb:250 - Set database path to: C:\Users\ahmad\.stmcufinder\plugins\mcufinder//mcu/
2025-01-21 01:08:33,029 [WARN] DbFile:41 - Overriding database path with different value: C:\Users\ahmad\.stmcufinder\plugins\mcufinder/ => C:\Users\ahmad\.stmcufinder\plugins\mcufinder
2025-01-21 01:08:33,029 [INFO] DbMcusAds:125 - Set database path to: C:\Users\ahmad\.stmcufinder\plugins\mcufinder//mcu/
2025-01-21 01:08:33,029 [WARN] DbFile:41 - Overriding database path with different value: C:\Users\ahmad\.stmcufinder\plugins\mcufinder/ => C:\Users\ahmad\.stmcufinder\plugins\mcufinder
2025-01-21 01:08:33,029 [WARN] DbFile:41 - Overriding database path with different value: C:\Users\ahmad\.stmcufinder\plugins\mcufinder/ => C:\Users\ahmad\.stmcufinder\plugins\mcufinder
2025-01-21 01:08:33,029 [INFO] CrossReferenceDbSqlite:203 - Set database path to: C:\Users\ahmad\.stmcufinder\plugins\mcufinder//mcu/cs/
2025-01-21 01:08:33,042 [INFO] ApplicationProperties:184 - Using Application install path: C:\ST\STM32CubeIDE_1.17.0\STM32CubeIDE\plugins\com.st.stm32cube.common.mx_6.13.0.202411220809
2025-01-21 01:08:33,043 [INFO] PluginManage:196 - Search for loadable plugins [exclusion list=, ]
2025-01-21 01:08:33,044 [INFO] PluginManage:310 - Check plugin analytics
2025-01-21 01:08:33,159 [INFO] AnalyticsPlugin:253 - Accepted Software Licenses: 
2025-01-21 01:08:33,159 [INFO] AnalyticsPlugin:255 - Accepted CMSIS Pack Licenses: 
2025-01-21 01:08:33,159 [INFO] AnalyticsPlugin:257 - Accepted Firmware Licenses: 
2025-01-21 01:08:33,162 [INFO] PluginManage:359 - Loaded plugin analytics (category:tool,tabindex:-1)
2025-01-21 01:08:33,162 [INFO] PluginManage:310 - Check plugin cadmodel
2025-01-21 01:08:33,166 [INFO] CADModel:105 - Init CAD model plugin
2025-01-21 01:08:33,166 [INFO] PluginManage:359 - Loaded plugin cadmodel (category:power,tabindex:5)
2025-01-21 01:08:33,166 [INFO] PluginManage:310 - Check plugin clock
2025-01-21 01:08:33,172 [INFO] PluginManage:359 - Loaded plugin clock (category:base,tabindex:2)
2025-01-21 01:08:33,173 [INFO] PluginManage:310 - Check plugin ddr
2025-01-21 01:08:33,174 [INFO] PluginManage:359 - Loaded plugin ddr (category:tool,tabindex:6)
2025-01-21 01:08:33,174 [INFO] PluginManage:310 - Check plugin filemanager
2025-01-21 01:08:33,271 [INFO] PluginManage:359 - Loaded plugin filemanager (category:base,tabindex:10)
2025-01-21 01:08:33,271 [INFO] PluginManage:310 - Check plugin ipmanager
2025-01-21 01:08:33,277 [INFO] PluginManage:359 - Loaded plugin ipmanager (category:base,tabindex:5)
2025-01-21 01:08:33,277 [INFO] PluginManage:310 - Check plugin lpbam
2025-01-21 01:08:33,284 [INFO] PluginManage:359 - Loaded plugin lpbam (category:base,tabindex:0)
2025-01-21 01:08:33,284 [INFO] PluginManage:310 - Check plugin memorymap
2025-01-21 01:08:33,293 [INFO] PluginManage:359 - Loaded plugin memorymap (category:base,tabindex:4)
2025-01-21 01:08:33,293 [INFO] PluginManage:310 - Check plugin pinoutandconfiguration
2025-01-21 01:08:33,299 [INFO] PluginManage:359 - Loaded plugin pinoutandconfiguration (category:base,tabindex:1)
2025-01-21 01:08:33,299 [INFO] PluginManage:310 - Check plugin pinoutconfig
2025-01-21 01:08:33,356 [WARN] SupportedApi:132 - Cannot load RTOS API schema: s4s-elt-must-match.1: The content of 'definitions' must match (annotation?, (simpleType | complexType)?, (unique | key | keyref)*)). A problem was found starting at: attribute.
2025-01-21 01:08:33,446 [INFO] PluginManage:359 - Loaded plugin pinoutconfig (category:base,tabindex:0)
2025-01-21 01:08:33,446 [INFO] PluginManage:310 - Check plugin power
2025-01-21 01:08:33,453 [INFO] PluginManage:359 - Loaded plugin power (category:power,tabindex:4)
2025-01-21 01:08:33,453 [INFO] PluginManage:310 - Check plugin projectmanager
2025-01-21 01:08:33,465 [INFO] PluginManage:359 - Loaded plugin projectmanager (category:projectmanager,tabindex:4)
2025-01-21 01:08:33,465 [INFO] PluginManage:310 - Check plugin rif
2025-01-21 01:08:33,470 [INFO] PluginManage:359 - Loaded plugin rif (category:base,tabindex:3)
2025-01-21 01:08:33,470 [INFO] PluginManage:310 - Check plugin thirdparty
2025-01-21 01:08:33,576 [WARN] IntegrityCheckThread:84 - waiting for thirdparty lock release [integrity check]
2025-01-21 01:08:33,576 [INFO] PluginManage:359 - Loaded plugin thirdparty (category:base,tabindex:-1)
2025-01-21 01:08:33,576 [INFO] IntegrityCheckThread:86 - entering critical section [integrity check]
2025-01-21 01:08:33,576 [INFO] PluginManage:310 - Check plugin tools
2025-01-21 01:08:33,576 [INFO] ThirdPartyUpdaterWithRetryManager:70 - Updater plugin not ready yet. [1/15]
2025-01-21 01:08:33,578 [INFO] PluginManage:359 - Loaded plugin tools (category:base,tabindex:7)
2025-01-21 01:08:33,578 [INFO] PluginManage:310 - Check plugin tutovideos
2025-01-21 01:08:33,692 [INFO] PluginManage:359 - Loaded plugin tutovideos (category:base,tabindex:-1)
2025-01-21 01:08:33,692 [INFO] PluginManage:310 - Check plugin updater
2025-01-21 01:08:33,712 [INFO] PluginManage:359 - Loaded plugin updater (category:base,tabindex:12)
2025-01-21 01:08:33,712 [INFO] PluginManage:310 - Check plugin userauth
2025-01-21 01:08:33,715 [INFO] UserAuth:118 - Init User Auth plugin
2025-01-21 01:08:33,715 [INFO] PluginManage:359 - Loaded plugin userauth (category:base,tabindex:14)
2025-01-21 01:08:33,716 [INFO] PluginManage:283 - PluginManage : Loaded plugins [18]
2025-01-21 01:08:33,860 [INFO] PinOutPanel:1589 - setPackage(No Configuration,No Configuration)
2025-01-21 01:08:33,922 [INFO] CADModel:165 - CPN selected for project level
2025-01-21 01:08:33,922 [INFO] CADModel:114 - Register for checkConnection events
2025-01-21 01:08:33,937 [INFO] IPUIPlugin:80 - create IPUIPlugin
2025-01-21 01:08:33,937 [INFO] PluginManager:220 - loadIPPluginJar : add adc
2025-01-21 01:08:33,940 [INFO] IPUIPlugin:80 - create IPUIPlugin
2025-01-21 01:08:33,940 [INFO] PluginManager:220 - loadIPPluginJar : add aes
2025-01-21 01:08:33,942 [INFO] IPUIPlugin:80 - create IPUIPlugin
2025-01-21 01:08:33,942 [INFO] PluginManager:220 - loadIPPluginJar : add can
2025-01-21 01:08:33,943 [INFO] IPUIPlugin:80 - create IPUIPlugin
2025-01-21 01:08:33,943 [INFO] PluginManager:220 - loadIPPluginJar : add comp
2025-01-21 01:08:33,945 [INFO] IPUIPlugin:80 - create IPUIPlugin
2025-01-21 01:08:33,945 [INFO] PluginManager:220 - loadIPPluginJar : add cryp
2025-01-21 01:08:33,947 [INFO] IPUIPlugin:80 - create IPUIPlugin
2025-01-21 01:08:33,947 [INFO] PluginManager:220 - loadIPPluginJar : add ddr_ctrl_phy
2025-01-21 01:08:33,949 [INFO] IPUIPlugin:80 - create IPUIPlugin
2025-01-21 01:08:33,949 [INFO] PluginManager:220 - loadIPPluginJar : add dfsdm
2025-01-21 01:08:33,953 [INFO] IPUIPlugin:80 - create IPUIPlugin
2025-01-21 01:08:33,953 [INFO] PluginManager:220 - loadIPPluginJar : add dma
2025-01-21 01:08:33,955 [INFO] IPUIPlugin:80 - create IPUIPlugin
2025-01-21 01:08:33,955 [INFO] PluginManager:220 - loadIPPluginJar : add dma3
2025-01-21 01:08:33,957 [INFO] IPUIPlugin:80 - create IPUIPlugin
2025-01-21 01:08:33,957 [INFO] PluginManager:220 - loadIPPluginJar : add extmemmanager
2025-01-21 01:08:33,958 [INFO] IPUIPlugin:80 - create IPUIPlugin
2025-01-21 01:08:33,959 [INFO] PluginManager:220 - loadIPPluginJar : add fatfs
2025-01-21 01:08:33,962 [INFO] IPUIPlugin:80 - create IPUIPlugin
2025-01-21 01:08:33,962 [INFO] PluginManager:220 - loadIPPluginJar : add fmc
2025-01-21 01:08:33,967 [INFO] IPUIPlugin:80 - create IPUIPlugin
2025-01-21 01:08:33,967 [INFO] PluginManager:220 - loadIPPluginJar : add freertos
2025-01-21 01:08:33,969 [INFO] IPUIPlugin:80 - create IPUIPlugin
2025-01-21 01:08:33,969 [INFO] PluginManager:220 - loadIPPluginJar : add genericplugin
2025-01-21 01:08:33,971 [INFO] IPUIPlugin:80 - create IPUIPlugin
2025-01-21 01:08:33,971 [INFO] PluginManager:220 - loadIPPluginJar : add gfxmmu
2025-01-21 01:08:33,975 [INFO] IPUIPlugin:80 - create IPUIPlugin
2025-01-21 01:08:33,975 [INFO] PluginManager:220 - loadIPPluginJar : add gic
2025-01-21 01:08:33,978 [INFO] IPUIPlugin:80 - create IPUIPlugin
2025-01-21 01:08:33,978 [INFO] PluginManager:220 - loadIPPluginJar : add gpio
2025-01-21 01:08:33,980 [INFO] IPUIPlugin:80 - create IPUIPlugin
2025-01-21 01:08:33,981 [INFO] PluginManager:220 - loadIPPluginJar : add gtzc
2025-01-21 01:08:33,982 [INFO] IPUIPlugin:80 - create IPUIPlugin
2025-01-21 01:08:33,982 [INFO] PluginManager:220 - loadIPPluginJar : add hash
2025-01-21 01:08:33,985 [INFO] IPUIPlugin:80 - create IPUIPlugin
2025-01-21 01:08:33,985 [INFO] PluginManager:220 - loadIPPluginJar : add i2c
2025-01-21 01:08:33,987 [INFO] IPUIPlugin:80 - create IPUIPlugin
2025-01-21 01:08:33,987 [INFO] PluginManager:220 - loadIPPluginJar : add i2s
2025-01-21 01:08:33,990 [INFO] IPUIPlugin:80 - create IPUIPlugin
2025-01-21 01:08:33,990 [INFO] PluginManager:220 - loadIPPluginJar : add i3c
2025-01-21 01:08:33,993 [INFO] IPUIPlugin:80 - create IPUIPlugin
2025-01-21 01:08:33,993 [INFO] PluginManager:220 - loadIPPluginJar : add ipddr
2025-01-21 01:08:33,998 [INFO] IPUIPlugin:80 - create IPUIPlugin
2025-01-21 01:08:33,998 [INFO] PluginManager:220 - loadIPPluginJar : add linkedlist
2025-01-21 01:08:34,001 [INFO] IPUIPlugin:80 - create IPUIPlugin
2025-01-21 01:08:34,001 [INFO] PluginManager:220 - loadIPPluginJar : add lorawan
2025-01-21 01:08:34,003 [INFO] IPUIPlugin:80 - create IPUIPlugin
2025-01-21 01:08:34,003 [INFO] PluginManager:220 - loadIPPluginJar : add ltdc
2025-01-21 01:08:34,007 [INFO] IPUIPlugin:80 - create IPUIPlugin
2025-01-21 01:08:34,007 [INFO] PluginManager:220 - loadIPPluginJar : add mdma
2025-01-21 01:08:34,009 [INFO] IPUIPlugin:80 - create IPUIPlugin
2025-01-21 01:08:34,009 [INFO] PluginManager:220 - loadIPPluginJar : add nvic
2025-01-21 01:08:34,011 [INFO] IPUIPlugin:80 - create IPUIPlugin
2025-01-21 01:08:34,012 [INFO] PluginManager:220 - loadIPPluginJar : add opamp
2025-01-21 01:08:34,014 [INFO] IPUIPlugin:80 - create IPUIPlugin
2025-01-21 01:08:34,014 [INFO] PluginManager:220 - loadIPPluginJar : add openamp
2025-01-21 01:08:34,016 [INFO] IPUIPlugin:80 - create IPUIPlugin
2025-01-21 01:08:34,016 [INFO] PluginManager:220 - loadIPPluginJar : add pdm2pcm
2025-01-21 01:08:34,020 [INFO] IPUIPlugin:80 - create IPUIPlugin
2025-01-21 01:08:34,022 [INFO] PluginManager:220 - loadIPPluginJar : add plateformsettings
2025-01-21 01:08:34,023 [INFO] IPUIPlugin:80 - create IPUIPlugin
2025-01-21 01:08:34,023 [INFO] PluginManager:220 - loadIPPluginJar : add quadspi
2025-01-21 01:08:34,025 [INFO] IPUIPlugin:80 - create IPUIPlugin
2025-01-21 01:08:34,025 [INFO] PluginManager:220 - loadIPPluginJar : add radio
2025-01-21 01:08:34,029 [INFO] IPUIPlugin:80 - create IPUIPlugin
2025-01-21 01:08:34,029 [INFO] PluginManager:220 - loadIPPluginJar : add resmgrutility
2025-01-21 01:08:34,031 [INFO] IPUIPlugin:80 - create IPUIPlugin
2025-01-21 01:08:34,031 [INFO] PluginManager:220 - loadIPPluginJar : add sai
2025-01-21 01:08:34,033 [INFO] IPUIPlugin:80 - create IPUIPlugin
2025-01-21 01:08:34,033 [INFO] PluginManager:220 - loadIPPluginJar : add spi
2025-01-21 01:08:34,037 [INFO] IPUIPlugin:80 - create IPUIPlugin
2025-01-21 01:08:34,038 [INFO] PluginManager:220 - loadIPPluginJar : add stm32_wpan
2025-01-21 01:08:34,039 [INFO] IPUIPlugin:80 - create IPUIPlugin
2025-01-21 01:08:34,039 [INFO] PluginManager:220 - loadIPPluginJar : add tim
2025-01-21 01:08:34,041 [INFO] IPUIPlugin:80 - create IPUIPlugin
2025-01-21 01:08:34,041 [INFO] PluginManager:220 - loadIPPluginJar : add touchsensing
2025-01-21 01:08:34,043 [INFO] IPUIPlugin:80 - create IPUIPlugin
2025-01-21 01:08:34,043 [INFO] PluginManager:220 - loadIPPluginJar : add tracer_emb
2025-01-21 01:08:34,044 [INFO] IPUIPlugin:80 - create IPUIPlugin
2025-01-21 01:08:34,044 [INFO] PluginManager:220 - loadIPPluginJar : add ts
2025-01-21 01:08:34,046 [INFO] IPUIPlugin:80 - create IPUIPlugin
2025-01-21 01:08:34,046 [INFO] PluginManager:220 - loadIPPluginJar : add tsc
2025-01-21 01:08:34,047 [INFO] IPUIPlugin:80 - create IPUIPlugin
2025-01-21 01:08:34,047 [INFO] PluginManager:220 - loadIPPluginJar : add ucpd
2025-01-21 01:08:34,049 [INFO] IPUIPlugin:80 - create IPUIPlugin
2025-01-21 01:08:34,049 [INFO] PluginManager:220 - loadIPPluginJar : add usart
2025-01-21 01:08:34,052 [INFO] IPUIPlugin:80 - create IPUIPlugin
2025-01-21 01:08:34,052 [INFO] PluginManager:220 - loadIPPluginJar : add usbx
2025-01-21 01:08:34,160 [FATAL] Updater:351 - Updater called before beeing initialized
2025-01-21 01:08:34,189 [INFO] RulesReader:64 - Compatibility file has been processed (297 Rules)
2025-01-21 01:08:34,199 [INFO] RulesReader:64 - Compatibility file has been processed (297 Rules)
2025-01-21 01:08:34,217 [INFO] CADModel:165 - CPN selected for project level
2025-01-21 01:08:34,217 [INFO] CADModel:114 - Register for checkConnection events
2025-01-21 01:08:34,217 [FATAL] Updater:351 - Updater called before beeing initialized
2025-01-21 01:08:34,217 [ERROR] CADModel:125 - Updater not yet initialized, retry later 
2025-01-21 01:08:34,322 [FATAL] Updater:351 - Updater called before beeing initialized
2025-01-21 01:08:34,323 [INFO] CADModel:165 - CPN selected for project level
2025-01-21 01:08:34,323 [INFO] CADModel:114 - Register for checkConnection events
2025-01-21 01:08:34,323 [FATAL] Updater:351 - Updater called before beeing initialized
2025-01-21 01:08:34,323 [ERROR] CADModel:125 - Updater not yet initialized, retry later 
2025-01-21 01:08:34,325 [FATAL] Updater:351 - Updater called before beeing initialized
2025-01-21 01:08:34,395 [FATAL] Updater:351 - Updater called before beeing initialized
2025-01-21 01:08:34,398 [INFO] DbMcusAds:53 - JSON generation date=Wed Dec 18 01:01:15 GMT+09:00 2024 (1734451275143)
2025-01-21 01:08:34,398 [FATAL] Updater:351 - Updater called before beeing initialized
2025-01-21 01:08:34,423 [WARN] DetailPanel:346 - Failed to get advertising image, set to default
2025-01-21 01:08:34,553 [FATAL] Updater:351 - Updater called before beeing initialized
2025-01-21 01:08:34,554 [FATAL] Updater:351 - Updater called before beeing initialized
2025-01-21 01:08:34,554 [FATAL] Updater:351 - Updater called before beeing initialized
2025-01-21 01:08:34,555 [WARN] DetailPanel:346 - Failed to get advertising image, set to default
2025-01-21 01:08:34,555 [FATAL] Updater:351 - Updater called before beeing initialized
2025-01-21 01:08:34,585 [ERROR] Updater:1198 - MainUpdater not yet initialized. External WinMGr cannot be set.
2025-01-21 01:08:34,586 [INFO] Updater:1134 - Updater Version found : 6.13.0
2025-01-21 01:08:34,600 [INFO] ApplicationProperties:184 - Using Application install path: C:\ST\STM32CubeIDE_1.17.0\STM32CubeIDE\plugins\com.st.stm32cube.common.mx_6.13.0.202411220809
2025-01-21 01:08:35,876 [INFO] MainUpdater:2872 - connection check result : 10
2025-01-21 01:08:35,877 [INFO] MainUpdater:289 - Updater Check For Update Now.
2025-01-21 01:08:35,877 [INFO] MicroXplorer:498 - Change Database Version : DB.6.0.130
2025-01-21 01:08:35,883 [INFO] McuFinderGlobals:63 - Set McuFinder mode to 2 (CubeIDE integrated)
2025-01-21 01:08:35,885 [INFO] UserAuth:486 - Internet connection configuration mode: 1
2025-01-21 01:08:35,930 [INFO] JxBrowserEngine:152 - Initiate JxBrowser Engine with user profile folder
2025-01-21 01:08:36,041 [INFO] CheckServerUpdateThread:120 - End of CheckServer Thread
2025-01-21 01:08:36,688 [WARN] PackLoader:240 - Cannot read IP mode file for STMicroelectronics.FP-SNS-MOTENVWB1.1.4.0
2025-01-21 01:08:36,703 [WARN] PackLoader:240 - Cannot read IP mode file for STMicroelectronics.FP-SNS-FLIGHT1.5.0.2
2025-01-21 01:08:36,715 [WARN] PackLoader:240 - Cannot read IP mode file for STMicroelectronics.X-CUBE-DISPLAY.3.0.0
2025-01-21 01:08:36,725 [WARN] PackLoader:240 - Cannot read IP mode file for STMicroelectronics.X-CUBE-BLE1.7.0.0
2025-01-21 01:08:36,729 [WARN] PackLoader:240 - Cannot read IP mode file for STMicroelectronics.FP-SNS-SMARTAG2.1.2.0
2025-01-21 01:08:36,734 [WARN] PackLoader:240 - Cannot read IP mode file for STMicroelectronics.FP-SNS-MOTENV1.5.0.0
2025-01-21 01:08:36,738 [WARN] PackLoader:240 - Cannot read IP mode file for STMicroelectronics.X-CUBE-BLE2.3.3.0
2025-01-21 01:08:36,742 [WARN] PackLoader:240 - Cannot read IP mode file for STMicroelectronics.FP-ATR-SIGFOX1.3.2.0
2025-01-21 01:08:36,745 [WARN] PackLoader:240 - Cannot read IP mode file for STMicroelectronics.X-CUBE-AI.9.1.0
2025-01-21 01:08:36,750 [WARN] PackLoader:240 - Cannot read IP mode file for STMicroelectronics.X-CUBE-DPower.1.2.0
2025-01-21 01:08:36,755 [WARN] PackLoader:240 - Cannot read IP mode file for STMicroelectronics.FP-SNS-STBOX1.2.0.0
2025-01-21 01:08:36,760 [WARN] PackLoader:240 - Cannot read IP mode file for STMicroelectronics.X-CUBE-ALS.1.0.2
2025-01-21 01:08:36,761 [INFO] ThirdParty:978 - Integrity check success = true
2025-01-21 01:08:36,761 [INFO] IntegrityCheckThread:100 - exiting critical section [integrity check]
2025-01-21 01:08:36,761 [INFO] IntegrityCheckThread:103 - End integrity checks thread
2025-01-21 01:08:39,633 [INFO] WebApp:168 - Instantiating new browser for Auth
2025-01-21 01:08:40,096 [INFO] WebApp:449 - Apply proxy settings
2025-01-21 01:08:40,096 [INFO] WebApp:534 - Chromium requires no authentication
2025-01-21 01:08:40,102 [INFO] WebApp:477 - Direct internet connection detected
2025-01-21 01:08:40,118 [INFO] WebApp:880 - Register for checkConnection events
2025-01-21 01:08:40,118 [INFO] WebApp:449 - Apply proxy settings
2025-01-21 01:08:40,118 [INFO] WebApp:534 - Chromium requires no authentication
2025-01-21 01:08:40,118 [INFO] WebApp:477 - Direct internet connection detected
2025-01-21 01:08:40,285 [INFO] WebApp:221 - Starting web application
2025-01-21 01:08:40,285 [INFO] WebApp:579 - Web application path used C:\ST\STM32CubeIDE_1.17.0\STM32CubeIDE\plugins\com.st.stm32cube.common.mx_6.13.0.202411220809\db\plugins\mcufinder\reactClient1\index.html
2025-01-21 01:08:40,508 [INFO] WebApp:187 - Connection restablished
2025-01-21 01:08:40,598 [INFO] UserAuth:486 - Internet connection configuration mode: 1
2025-01-21 01:08:40,709 [ERROR] LogOutputStream:75 - [STDERR_REDIRECT] [Fatal Error] :1:1: Premature end of file.
2025-01-21 01:08:40,709 [ERROR] LogOutputStream:75 - [STDERR_REDIRECT] 
2025-01-21 01:08:41,683 [ERROR] LogOutputStream:75 - [STDERR_REDIRECT] [Fatal Error] :1:1: Premature end of file.
2025-01-21 01:08:41,683 [ERROR] LogOutputStream:75 - [STDERR_REDIRECT] 
2025-01-21 01:08:42,706 [ERROR] LogOutputStream:75 - [STDERR_REDIRECT] [Fatal Error] :1:1: Premature end of file.
2025-01-21 01:08:42,706 [ERROR] LogOutputStream:75 - [STDERR_REDIRECT] 
2025-01-21 01:08:43,689 [ERROR] LogOutputStream:75 - [STDERR_REDIRECT] [Fatal Error] :1:1: Premature end of file.
2025-01-21 01:08:43,690 [ERROR] LogOutputStream:75 - [STDERR_REDIRECT] 
2025-01-21 01:08:44,688 [ERROR] LogOutputStream:75 - [STDERR_REDIRECT] [Fatal Error] :1:1: Premature end of file.
2025-01-21 01:08:44,688 [ERROR] LogOutputStream:75 - [STDERR_REDIRECT] 
2025-01-21 01:08:45,685 [ERROR] LogOutputStream:75 - [STDERR_REDIRECT] [Fatal Error] :1:1: Premature end of file.
2025-01-21 01:08:45,686 [ERROR] LogOutputStream:75 - [STDERR_REDIRECT] 
2025-01-21 01:08:46,677 [ERROR] LogOutputStream:75 - [STDERR_REDIRECT] [Fatal Error] :1:1: Premature end of file.
2025-01-21 01:08:46,677 [ERROR] LogOutputStream:75 - [STDERR_REDIRECT] 
2025-01-21 01:08:47,696 [ERROR] LogOutputStream:75 - [STDERR_REDIRECT] [Fatal Error] :1:1: Premature end of file.
2025-01-21 01:08:47,697 [ERROR] LogOutputStream:75 - [STDERR_REDIRECT] 
2025-01-21 01:08:48,686 [ERROR] LogOutputStream:75 - [STDERR_REDIRECT] [Fatal Error] :1:1: Premature end of file.
2025-01-21 01:08:48,686 [ERROR] LogOutputStream:75 - [STDERR_REDIRECT] 
2025-01-21 01:08:49,688 [ERROR] LogOutputStream:75 - [STDERR_REDIRECT] [Fatal Error] :1:1: Premature end of file.
2025-01-21 01:08:49,688 [ERROR] LogOutputStream:75 - [STDERR_REDIRECT] 
2025-01-21 01:08:50,680 [ERROR] LogOutputStream:75 - [STDERR_REDIRECT] [Fatal Error] :1:1: Premature end of file.
2025-01-21 01:08:50,680 [ERROR] LogOutputStream:75 - [STDERR_REDIRECT] 
2025-01-21 01:08:51,685 [ERROR] LogOutputStream:75 - [STDERR_REDIRECT] [Fatal Error] :1:1: Premature end of file.
2025-01-21 01:08:51,685 [ERROR] LogOutputStream:75 - [STDERR_REDIRECT] 
2025-01-21 01:08:52,702 [ERROR] LogOutputStream:75 - [STDERR_REDIRECT] [Fatal Error] :1:1: Premature end of file.
2025-01-21 01:08:52,702 [ERROR] LogOutputStream:75 - [STDERR_REDIRECT] 
2025-01-21 01:08:53,675 [ERROR] LogOutputStream:75 - [STDERR_REDIRECT] [Fatal Error] :1:1: Premature end of file.
2025-01-21 01:08:53,675 [ERROR] LogOutputStream:75 - [STDERR_REDIRECT] 
2025-01-21 01:08:54,676 [ERROR] LogOutputStream:75 - [STDERR_REDIRECT] [Fatal Error] :1:1: Premature end of file.
2025-01-21 01:08:54,676 [ERROR] LogOutputStream:75 - [STDERR_REDIRECT] 
2025-01-21 01:08:55,691 [ERROR] LogOutputStream:75 - [STDERR_REDIRECT] [Fatal Error] :1:1: Premature end of file.
2025-01-21 01:08:55,691 [ERROR] LogOutputStream:75 - [STDERR_REDIRECT] 
2025-01-21 01:08:56,674 [ERROR] LogOutputStream:75 - [STDERR_REDIRECT] [Fatal Error] :1:1: Premature end of file.
2025-01-21 01:08:56,674 [ERROR] LogOutputStream:75 - [STDERR_REDIRECT] 
2025-01-21 01:08:57,706 [ERROR] LogOutputStream:75 - [STDERR_REDIRECT] [Fatal Error] :1:1: Premature end of file.
2025-01-21 01:08:57,707 [ERROR] LogOutputStream:75 - [STDERR_REDIRECT] 
2025-01-21 01:08:58,682 [ERROR] LogOutputStream:75 - [STDERR_REDIRECT] [Fatal Error] :1:1: Premature end of file.
2025-01-21 01:08:58,682 [ERROR] LogOutputStream:75 - [STDERR_REDIRECT] 
2025-01-21 01:08:59,697 [ERROR] LogOutputStream:75 - [STDERR_REDIRECT] [Fatal Error] :1:1: Premature end of file.
2025-01-21 01:08:59,698 [ERROR] LogOutputStream:75 - [STDERR_REDIRECT] 
2025-01-21 01:09:00,684 [ERROR] LogOutputStream:75 - [STDERR_REDIRECT] [Fatal Error] :1:1: Premature end of file.
2025-01-21 01:09:00,684 [ERROR] LogOutputStream:75 - [STDERR_REDIRECT] 
2025-01-21 01:09:01,695 [ERROR] LogOutputStream:75 - [STDERR_REDIRECT] [Fatal Error] :1:1: Premature end of file.
2025-01-21 01:09:01,695 [ERROR] LogOutputStream:75 - [STDERR_REDIRECT] 
2025-01-21 01:09:02,688 [ERROR] LogOutputStream:75 - [STDERR_REDIRECT] [Fatal Error] :1:1: Premature end of file.
2025-01-21 01:09:02,688 [ERROR] LogOutputStream:75 - [STDERR_REDIRECT] 
2025-01-21 01:09:03,701 [ERROR] LogOutputStream:75 - [STDERR_REDIRECT] [Fatal Error] :1:1: Premature end of file.
2025-01-21 01:09:03,702 [ERROR] LogOutputStream:75 - [STDERR_REDIRECT] 
2025-01-21 01:09:04,686 [ERROR] LogOutputStream:75 - [STDERR_REDIRECT] [Fatal Error] :1:1: Premature end of file.
2025-01-21 01:09:04,686 [ERROR] LogOutputStream:75 - [STDERR_REDIRECT] 
2025-01-21 01:09:05,680 [ERROR] LogOutputStream:75 - [STDERR_REDIRECT] [Fatal Error] :1:1: Premature end of file.
2025-01-21 01:09:05,680 [ERROR] LogOutputStream:75 - [STDERR_REDIRECT] 
2025-01-21 01:09:06,709 [ERROR] LogOutputStream:75 - [STDERR_REDIRECT] [Fatal Error] :1:1: Premature end of file.
2025-01-21 01:09:06,709 [ERROR] LogOutputStream:75 - [STDERR_REDIRECT] 
2025-01-21 01:09:07,680 [ERROR] LogOutputStream:75 - [STDERR_REDIRECT] [Fatal Error] :1:1: Premature end of file.
2025-01-21 01:09:07,680 [ERROR] LogOutputStream:75 - [STDERR_REDIRECT] 
2025-01-21 01:09:08,689 [ERROR] LogOutputStream:75 - [STDERR_REDIRECT] [Fatal Error] :1:1: Premature end of file.
2025-01-21 01:09:08,689 [ERROR] LogOutputStream:75 - [STDERR_REDIRECT] 
2025-01-21 01:09:09,717 [ERROR] LogOutputStream:75 - [STDERR_REDIRECT] [Fatal Error] :1:1: Premature end of file.
2025-01-21 01:09:09,717 [ERROR] LogOutputStream:75 - [STDERR_REDIRECT] 
2025-01-21 01:09:10,683 [ERROR] LogOutputStream:75 - [STDERR_REDIRECT] [Fatal Error] :1:1: Premature end of file.
2025-01-21 01:09:10,683 [ERROR] LogOutputStream:75 - [STDERR_REDIRECT] 
2025-01-21 01:09:11,686 [ERROR] LogOutputStream:75 - [STDERR_REDIRECT] [Fatal Error] :1:1: Premature end of file.
2025-01-21 01:09:11,686 [ERROR] LogOutputStream:75 - [STDERR_REDIRECT] 
2025-01-21 01:09:12,684 [ERROR] LogOutputStream:75 - [STDERR_REDIRECT] [Fatal Error] :1:1: Premature end of file.
2025-01-21 01:09:12,684 [ERROR] LogOutputStream:75 - [STDERR_REDIRECT] 
2025-01-21 01:09:13,685 [ERROR] LogOutputStream:75 - [STDERR_REDIRECT] [Fatal Error] :1:1: Premature end of file.
2025-01-21 01:09:13,685 [ERROR] LogOutputStream:75 - [STDERR_REDIRECT] 
2025-01-21 01:09:14,686 [ERROR] LogOutputStream:75 - [STDERR_REDIRECT] [Fatal Error] :1:1: Premature end of file.
2025-01-21 01:09:14,686 [ERROR] LogOutputStream:75 - [STDERR_REDIRECT] 
2025-01-21 01:09:15,697 [ERROR] LogOutputStream:75 - [STDERR_REDIRECT] [Fatal Error] :1:1: Premature end of file.
2025-01-21 01:09:15,697 [ERROR] LogOutputStream:75 - [STDERR_REDIRECT] 
2025-01-21 01:09:16,685 [ERROR] LogOutputStream:75 - [STDERR_REDIRECT] [Fatal Error] :1:1: Premature end of file.
2025-01-21 01:09:16,685 [ERROR] LogOutputStream:75 - [STDERR_REDIRECT] 
2025-01-21 01:09:17,691 [ERROR] LogOutputStream:75 - [STDERR_REDIRECT] [Fatal Error] :1:1: Premature end of file.
2025-01-21 01:09:17,691 [ERROR] LogOutputStream:75 - [STDERR_REDIRECT] 
2025-01-21 01:09:18,685 [ERROR] LogOutputStream:75 - [STDERR_REDIRECT] [Fatal Error] :1:1: Premature end of file.
2025-01-21 01:09:18,685 [ERROR] LogOutputStream:75 - [STDERR_REDIRECT] 
2025-01-21 01:09:19,688 [ERROR] LogOutputStream:75 - [STDERR_REDIRECT] [Fatal Error] :1:1: Premature end of file.
2025-01-21 01:09:19,688 [ERROR] LogOutputStream:75 - [STDERR_REDIRECT] 
2025-01-21 01:09:20,708 [ERROR] LogOutputStream:75 - [STDERR_REDIRECT] [Fatal Error] :1:1: Premature end of file.
2025-01-21 01:09:20,708 [ERROR] LogOutputStream:75 - [STDERR_REDIRECT] 
2025-01-21 01:09:21,681 [ERROR] LogOutputStream:75 - [STDERR_REDIRECT] [Fatal Error] :1:1: Premature end of file.
2025-01-21 01:09:21,682 [ERROR] LogOutputStream:75 - [STDERR_REDIRECT] 
2025-01-21 01:09:22,668 [ERROR] LogOutputStream:75 - [STDERR_REDIRECT] [Fatal Error] :1:1: Premature end of file.
2025-01-21 01:09:22,668 [ERROR] LogOutputStream:75 - [STDERR_REDIRECT] 
2025-01-21 01:09:23,682 [ERROR] LogOutputStream:75 - [STDERR_REDIRECT] [Fatal Error] :1:1: Premature end of file.
2025-01-21 01:09:23,682 [ERROR] LogOutputStream:75 - [STDERR_REDIRECT] 
2025-01-21 01:09:24,669 [ERROR] LogOutputStream:75 - [STDERR_REDIRECT] [Fatal Error] :1:1: Premature end of file.
2025-01-21 01:09:24,669 [ERROR] LogOutputStream:75 - [STDERR_REDIRECT] 
2025-01-21 01:09:25,694 [ERROR] LogOutputStream:75 - [STDERR_REDIRECT] [Fatal Error] :1:1: Premature end of file.
2025-01-21 01:09:25,694 [ERROR] LogOutputStream:75 - [STDERR_REDIRECT] 
2025-01-21 01:09:26,671 [ERROR] LogOutputStream:75 - [STDERR_REDIRECT] [Fatal Error] :1:1: Premature end of file.
2025-01-21 01:09:26,671 [ERROR] LogOutputStream:75 - [STDERR_REDIRECT] 
2025-01-21 01:09:27,687 [ERROR] LogOutputStream:75 - [STDERR_REDIRECT] [Fatal Error] :1:1: Premature end of file.
2025-01-21 01:09:27,687 [ERROR] LogOutputStream:75 - [STDERR_REDIRECT] 
2025-01-21 01:09:28,695 [ERROR] LogOutputStream:75 - [STDERR_REDIRECT] [Fatal Error] :1:1: Premature end of file.
2025-01-21 01:09:28,695 [ERROR] LogOutputStream:75 - [STDERR_REDIRECT] 
2025-01-21 01:09:29,689 [ERROR] LogOutputStream:75 - [STDERR_REDIRECT] [Fatal Error] :1:1: Premature end of file.
2025-01-21 01:09:29,690 [ERROR] LogOutputStream:75 - [STDERR_REDIRECT] 
2025-01-21 01:09:30,681 [ERROR] LogOutputStream:75 - [STDERR_REDIRECT] [Fatal Error] :1:1: Premature end of file.
2025-01-21 01:09:30,681 [ERROR] LogOutputStream:75 - [STDERR_REDIRECT] 
2025-01-21 01:09:31,703 [ERROR] LogOutputStream:75 - [STDERR_REDIRECT] [Fatal Error] :1:1: Premature end of file.
2025-01-21 01:09:31,703 [ERROR] LogOutputStream:75 - [STDERR_REDIRECT] 
2025-01-21 01:09:32,694 [ERROR] LogOutputStream:75 - [STDERR_REDIRECT] [Fatal Error] :1:1: Premature end of file.
2025-01-21 01:09:32,694 [ERROR] LogOutputStream:75 - [STDERR_REDIRECT] 
2025-01-21 01:09:33,694 [ERROR] LogOutputStream:75 - [STDERR_REDIRECT] [Fatal Error] :1:1: Premature end of file.
2025-01-21 01:09:33,695 [ERROR] LogOutputStream:75 - [STDERR_REDIRECT] 
2025-01-21 01:09:34,694 [ERROR] LogOutputStream:75 - [STDERR_REDIRECT] [Fatal Error] :1:1: Premature end of file.
2025-01-21 01:09:34,694 [ERROR] LogOutputStream:75 - [STDERR_REDIRECT] 
2025-01-21 01:09:35,681 [ERROR] LogOutputStream:75 - [STDERR_REDIRECT] [Fatal Error] :1:1: Premature end of file.
2025-01-21 01:09:35,681 [ERROR] LogOutputStream:75 - [STDERR_REDIRECT] 
2025-01-21 01:09:36,696 [ERROR] LogOutputStream:75 - [STDERR_REDIRECT] [Fatal Error] :1:1: Premature end of file.
2025-01-21 01:09:36,697 [ERROR] LogOutputStream:75 - [STDERR_REDIRECT] 
2025-01-21 01:09:37,685 [ERROR] LogOutputStream:75 - [STDERR_REDIRECT] [Fatal Error] :1:1: Premature end of file.
2025-01-21 01:09:37,686 [ERROR] LogOutputStream:75 - [STDERR_REDIRECT] 
2025-01-21 01:09:38,689 [ERROR] LogOutputStream:75 - [STDERR_REDIRECT] [Fatal Error] :1:1: Premature end of file.
2025-01-21 01:09:38,689 [ERROR] LogOutputStream:75 - [STDERR_REDIRECT] 
2025-01-21 01:09:39,688 [ERROR] LogOutputStream:75 - [STDERR_REDIRECT] [Fatal Error] :1:1: Premature end of file.
2025-01-21 01:09:39,689 [ERROR] LogOutputStream:75 - [STDERR_REDIRECT] 
2025-01-21 01:09:40,690 [ERROR] LogOutputStream:75 - [STDERR_REDIRECT] [Fatal Error] :1:1: Premature end of file.
2025-01-21 01:09:40,691 [ERROR] LogOutputStream:75 - [STDERR_REDIRECT] 
2025-01-21 01:09:41,685 [ERROR] LogOutputStream:75 - [STDERR_REDIRECT] [Fatal Error] :1:1: Premature end of file.
2025-01-21 01:09:41,685 [ERROR] LogOutputStream:75 - [STDERR_REDIRECT] 
2025-01-21 01:09:42,695 [ERROR] LogOutputStream:75 - [STDERR_REDIRECT] [Fatal Error] :1:1: Premature end of file.
2025-01-21 01:09:42,696 [ERROR] LogOutputStream:75 - [STDERR_REDIRECT] 
2025-01-21 01:09:43,684 [ERROR] LogOutputStream:75 - [STDERR_REDIRECT] [Fatal Error] :1:1: Premature end of file.
2025-01-21 01:09:43,684 [ERROR] LogOutputStream:75 - [STDERR_REDIRECT] 
2025-01-21 01:09:44,685 [ERROR] LogOutputStream:75 - [STDERR_REDIRECT] [Fatal Error] :1:1: Premature end of file.
2025-01-21 01:09:44,685 [ERROR] LogOutputStream:75 - [STDERR_REDIRECT] 
2025-01-21 01:09:45,695 [ERROR] LogOutputStream:75 - [STDERR_REDIRECT] [Fatal Error] :1:1: Premature end of file.
2025-01-21 01:09:45,696 [ERROR] LogOutputStream:75 - [STDERR_REDIRECT] 
2025-01-21 01:09:46,692 [ERROR] LogOutputStream:75 - [STDERR_REDIRECT] [Fatal Error] :1:1: Premature end of file.
2025-01-21 01:09:46,692 [ERROR] LogOutputStream:75 - [STDERR_REDIRECT] 
2025-01-21 01:09:47,691 [ERROR] LogOutputStream:75 - [STDERR_REDIRECT] [Fatal Error] :1:1: Premature end of file.
2025-01-21 01:09:47,692 [ERROR] LogOutputStream:75 - [STDERR_REDIRECT] 
2025-01-21 01:09:48,704 [ERROR] LogOutputStream:75 - [STDERR_REDIRECT] [Fatal Error] :1:1: Premature end of file.
2025-01-21 01:09:48,704 [ERROR] LogOutputStream:75 - [STDERR_REDIRECT] 
2025-01-21 01:09:49,682 [ERROR] LogOutputStream:75 - [STDERR_REDIRECT] [Fatal Error] :1:1: Premature end of file.
2025-01-21 01:09:49,682 [ERROR] LogOutputStream:75 - [STDERR_REDIRECT] 
2025-01-21 01:09:50,688 [ERROR] LogOutputStream:75 - [STDERR_REDIRECT] [Fatal Error] :1:1: Premature end of file.
2025-01-21 01:09:50,688 [ERROR] LogOutputStream:75 - [STDERR_REDIRECT] 
2025-01-21 01:09:51,697 [ERROR] LogOutputStream:75 - [STDERR_REDIRECT] [Fatal Error] :1:1: Premature end of file.
2025-01-21 01:09:51,697 [ERROR] LogOutputStream:75 - [STDERR_REDIRECT] 
2025-01-21 01:09:52,669 [ERROR] LogOutputStream:75 - [STDERR_REDIRECT] [Fatal Error] :1:1: Premature end of file.
2025-01-21 01:09:52,670 [ERROR] LogOutputStream:75 - [STDERR_REDIRECT] 
2025-01-21 01:09:53,691 [ERROR] LogOutputStream:75 - [STDERR_REDIRECT] [Fatal Error] :1:1: Premature end of file.
2025-01-21 01:09:53,691 [ERROR] LogOutputStream:75 - [STDERR_REDIRECT] 
2025-01-21 01:09:54,690 [ERROR] LogOutputStream:75 - [STDERR_REDIRECT] [Fatal Error] :1:1: Premature end of file.
2025-01-21 01:09:54,690 [ERROR] LogOutputStream:75 - [STDERR_REDIRECT] 
2025-01-21 01:09:55,706 [ERROR] LogOutputStream:75 - [STDERR_REDIRECT] [Fatal Error] :1:1: Premature end of file.
2025-01-21 01:09:55,707 [ERROR] LogOutputStream:75 - [STDERR_REDIRECT] 
2025-01-21 01:09:56,694 [ERROR] LogOutputStream:75 - [STDERR_REDIRECT] [Fatal Error] :1:1: Premature end of file.
2025-01-21 01:09:56,694 [ERROR] LogOutputStream:75 - [STDERR_REDIRECT] 
2025-01-21 01:09:57,679 [ERROR] LogOutputStream:75 - [STDERR_REDIRECT] [Fatal Error] :1:1: Premature end of file.
2025-01-21 01:09:57,679 [ERROR] LogOutputStream:75 - [STDERR_REDIRECT] 
2025-01-21 01:09:58,687 [ERROR] LogOutputStream:75 - [STDERR_REDIRECT] [Fatal Error] :1:1: Premature end of file.
2025-01-21 01:09:58,687 [ERROR] LogOutputStream:75 - [STDERR_REDIRECT] 
2025-01-21 01:09:59,692 [ERROR] LogOutputStream:75 - [STDERR_REDIRECT] [Fatal Error] :1:1: Premature end of file.
2025-01-21 01:09:59,693 [ERROR] LogOutputStream:75 - [STDERR_REDIRECT] 
2025-01-21 01:10:00,676 [ERROR] LogOutputStream:75 - [STDERR_REDIRECT] [Fatal Error] :1:1: Premature end of file.
2025-01-21 01:10:00,676 [ERROR] LogOutputStream:75 - [STDERR_REDIRECT] 
2025-01-21 01:10:01,691 [ERROR] LogOutputStream:75 - [STDERR_REDIRECT] [Fatal Error] :1:1: Premature end of file.
2025-01-21 01:10:01,691 [ERROR] LogOutputStream:75 - [STDERR_REDIRECT] 
2025-01-21 01:10:02,702 [ERROR] LogOutputStream:75 - [STDERR_REDIRECT] [Fatal Error] :1:1: Premature end of file.
2025-01-21 01:10:02,702 [ERROR] LogOutputStream:75 - [STDERR_REDIRECT] 
2025-01-21 01:10:03,687 [ERROR] LogOutputStream:75 - [STDERR_REDIRECT] [Fatal Error] :1:1: Premature end of file.
2025-01-21 01:10:03,687 [ERROR] LogOutputStream:75 - [STDERR_REDIRECT] 
2025-01-21 01:10:04,674 [ERROR] LogOutputStream:75 - [STDERR_REDIRECT] [Fatal Error] :1:1: Premature end of file.
2025-01-21 01:10:04,674 [ERROR] LogOutputStream:75 - [STDERR_REDIRECT] 
2025-01-21 01:10:05,670 [ERROR] LogOutputStream:75 - [STDERR_REDIRECT] [Fatal Error] :1:1: Premature end of file.
2025-01-21 01:10:05,670 [ERROR] LogOutputStream:75 - [STDERR_REDIRECT] 
2025-01-21 01:10:06,691 [ERROR] LogOutputStream:75 - [STDERR_REDIRECT] [Fatal Error] :1:1: Premature end of file.
2025-01-21 01:10:06,692 [ERROR] LogOutputStream:75 - [STDERR_REDIRECT] 
2025-01-21 01:10:07,667 [ERROR] LogOutputStream:75 - [STDERR_REDIRECT] [Fatal Error] :1:1: Premature end of file.
2025-01-21 01:10:07,667 [ERROR] LogOutputStream:75 - [STDERR_REDIRECT] 
2025-01-21 01:10:08,672 [ERROR] LogOutputStream:75 - [STDERR_REDIRECT] [Fatal Error] :1:1: Premature end of file.
2025-01-21 01:10:08,672 [ERROR] LogOutputStream:75 - [STDERR_REDIRECT] 
2025-01-21 01:10:09,690 [ERROR] LogOutputStream:75 - [STDERR_REDIRECT] [Fatal Error] :1:1: Premature end of file.
2025-01-21 01:10:09,691 [ERROR] LogOutputStream:75 - [STDERR_REDIRECT] 
2025-01-21 01:10:10,674 [ERROR] LogOutputStream:75 - [STDERR_REDIRECT] [Fatal Error] :1:1: Premature end of file.
2025-01-21 01:10:10,674 [ERROR] LogOutputStream:75 - [STDERR_REDIRECT] 
2025-01-21 01:10:11,678 [ERROR] LogOutputStream:75 - [STDERR_REDIRECT] [Fatal Error] :1:1: Premature end of file.
2025-01-21 01:10:11,678 [ERROR] LogOutputStream:75 - [STDERR_REDIRECT] 
2025-01-21 01:10:12,677 [ERROR] LogOutputStream:75 - [STDERR_REDIRECT] [Fatal Error] :1:1: Premature end of file.
2025-01-21 01:10:12,677 [ERROR] LogOutputStream:75 - [STDERR_REDIRECT] 
2025-01-21 01:10:13,678 [ERROR] LogOutputStream:75 - [STDERR_REDIRECT] [Fatal Error] :1:1: Premature end of file.
2025-01-21 01:10:13,678 [ERROR] LogOutputStream:75 - [STDERR_REDIRECT] 
2025-01-21 01:10:14,710 [ERROR] LogOutputStream:75 - [STDERR_REDIRECT] [Fatal Error] :1:1: Premature end of file.
2025-01-21 01:10:14,711 [ERROR] LogOutputStream:75 - [STDERR_REDIRECT] 
2025-01-21 01:10:15,688 [ERROR] LogOutputStream:75 - [STDERR_REDIRECT] [Fatal Error] :1:1: Premature end of file.
2025-01-21 01:10:15,688 [ERROR] LogOutputStream:75 - [STDERR_REDIRECT] 
2025-01-21 01:10:16,693 [ERROR] LogOutputStream:75 - [STDERR_REDIRECT] [Fatal Error] :1:1: Premature end of file.
2025-01-21 01:10:16,693 [ERROR] LogOutputStream:75 - [STDERR_REDIRECT] 
2025-01-21 01:10:17,692 [ERROR] LogOutputStream:75 - [STDERR_REDIRECT] [Fatal Error] :1:1: Premature end of file.
2025-01-21 01:10:17,693 [ERROR] LogOutputStream:75 - [STDERR_REDIRECT] 
2025-01-21 01:10:18,698 [ERROR] LogOutputStream:75 - [STDERR_REDIRECT] [Fatal Error] :1:1: Premature end of file.
2025-01-21 01:10:18,698 [ERROR] LogOutputStream:75 - [STDERR_REDIRECT] 
2025-01-21 01:10:19,672 [ERROR] LogOutputStream:75 - [STDERR_REDIRECT] [Fatal Error] :1:1: Premature end of file.
2025-01-21 01:10:19,672 [ERROR] LogOutputStream:75 - [STDERR_REDIRECT] 
2025-01-21 01:10:20,697 [ERROR] LogOutputStream:75 - [STDERR_REDIRECT] [Fatal Error] :1:1: Premature end of file.
2025-01-21 01:10:20,698 [ERROR] LogOutputStream:75 - [STDERR_REDIRECT] 
2025-01-21 01:10:21,702 [ERROR] LogOutputStream:75 - [STDERR_REDIRECT] [Fatal Error] :1:1: Premature end of file.
2025-01-21 01:10:21,702 [ERROR] LogOutputStream:75 - [STDERR_REDIRECT] 
2025-01-21 01:10:22,692 [ERROR] LogOutputStream:75 - [STDERR_REDIRECT] [Fatal Error] :1:1: Premature end of file.
2025-01-21 01:10:22,693 [ERROR] LogOutputStream:75 - [STDERR_REDIRECT] 
2025-01-21 01:10:23,691 [ERROR] LogOutputStream:75 - [STDERR_REDIRECT] [Fatal Error] :1:1: Premature end of file.
2025-01-21 01:10:23,692 [ERROR] LogOutputStream:75 - [STDERR_REDIRECT] 
2025-01-21 01:10:24,701 [ERROR] LogOutputStream:75 - [STDERR_REDIRECT] [Fatal Error] :1:1: Premature end of file.
2025-01-21 01:10:24,701 [ERROR] LogOutputStream:75 - [STDERR_REDIRECT] 
2025-01-21 01:10:25,701 [ERROR] LogOutputStream:75 - [STDERR_REDIRECT] [Fatal Error] :1:1: Premature end of file.
2025-01-21 01:10:25,702 [ERROR] LogOutputStream:75 - [STDERR_REDIRECT] 
2025-01-21 01:10:26,710 [ERROR] LogOutputStream:75 - [STDERR_REDIRECT] [Fatal Error] :1:1: Premature end of file.
2025-01-21 01:10:26,710 [ERROR] LogOutputStream:75 - [STDERR_REDIRECT] 
2025-01-21 01:10:27,724 [ERROR] LogOutputStream:75 - [STDERR_REDIRECT] [Fatal Error] :1:1: Premature end of file.
2025-01-21 01:10:27,725 [ERROR] LogOutputStream:75 - [STDERR_REDIRECT] 
2025-01-21 01:10:28,724 [ERROR] LogOutputStream:75 - [STDERR_REDIRECT] [Fatal Error] :1:1: Premature end of file.
2025-01-21 01:10:28,725 [ERROR] LogOutputStream:75 - [STDERR_REDIRECT] 
2025-01-21 01:10:29,728 [ERROR] LogOutputStream:75 - [STDERR_REDIRECT] [Fatal Error] :1:1: Premature end of file.
2025-01-21 01:10:29,728 [ERROR] LogOutputStream:75 - [STDERR_REDIRECT] 
2025-01-21 01:10:30,741 [ERROR] LogOutputStream:75 - [STDERR_REDIRECT] [Fatal Error] :1:1: Premature end of file.
2025-01-21 01:10:30,741 [ERROR] LogOutputStream:75 - [STDERR_REDIRECT] 
2025-01-21 01:10:31,708 [ERROR] LogOutputStream:75 - [STDERR_REDIRECT] [Fatal Error] :1:1: Premature end of file.
2025-01-21 01:10:31,708 [ERROR] LogOutputStream:75 - [STDERR_REDIRECT] 
2025-01-21 01:10:32,716 [ERROR] LogOutputStream:75 - [STDERR_REDIRECT] [Fatal Error] :1:1: Premature end of file.
2025-01-21 01:10:32,718 [ERROR] LogOutputStream:75 - [STDERR_REDIRECT] 
2025-01-21 01:10:33,725 [ERROR] LogOutputStream:75 - [STDERR_REDIRECT] [Fatal Error] :1:1: Premature end of file.
2025-01-21 01:10:33,726 [ERROR] LogOutputStream:75 - [STDERR_REDIRECT] 
2025-01-21 01:10:34,688 [ERROR] LogOutputStream:75 - [STDERR_REDIRECT] [Fatal Error] :1:1: Premature end of file.
2025-01-21 01:10:34,689 [ERROR] LogOutputStream:75 - [STDERR_REDIRECT] 
2025-01-21 01:10:35,730 [ERROR] LogOutputStream:75 - [STDERR_REDIRECT] [Fatal Error] :1:1: Premature end of file.
2025-01-21 01:10:35,731 [ERROR] LogOutputStream:75 - [STDERR_REDIRECT] 
2025-01-21 01:10:36,748 [ERROR] LogOutputStream:75 - [STDERR_REDIRECT] [Fatal Error] :1:1: Premature end of file.
2025-01-21 01:10:36,749 [ERROR] LogOutputStream:75 - [STDERR_REDIRECT] 
2025-01-21 01:10:37,795 [ERROR] LogOutputStream:75 - [STDERR_REDIRECT] [Fatal Error] :1:1: Premature end of file.
2025-01-21 01:10:37,795 [ERROR] LogOutputStream:75 - [STDERR_REDIRECT] 
2025-01-21 01:10:38,709 [ERROR] LogOutputStream:75 - [STDERR_REDIRECT] [Fatal Error] :1:1: Premature end of file.
2025-01-21 01:10:38,709 [ERROR] LogOutputStream:75 - [STDERR_REDIRECT] 
2025-01-21 01:10:39,690 [ERROR] LogOutputStream:75 - [STDERR_REDIRECT] [Fatal Error] :1:1: Premature end of file.
2025-01-21 01:10:39,691 [ERROR] LogOutputStream:75 - [STDERR_REDIRECT] 
2025-01-21 01:10:40,690 [ERROR] LogOutputStream:75 - [STDERR_REDIRECT] [Fatal Error] :1:1: Premature end of file.
2025-01-21 01:10:40,691 [ERROR] LogOutputStream:75 - [STDERR_REDIRECT] 
2025-01-21 01:10:41,682 [ERROR] LogOutputStream:75 - [STDERR_REDIRECT] [Fatal Error] :1:1: Premature end of file.
2025-01-21 01:10:41,682 [ERROR] LogOutputStream:75 - [STDERR_REDIRECT] 
2025-01-21 01:10:42,715 [ERROR] LogOutputStream:75 - [STDERR_REDIRECT] [Fatal Error] :1:1: Premature end of file.
2025-01-21 01:10:42,715 [ERROR] LogOutputStream:75 - [STDERR_REDIRECT] 
2025-01-21 01:10:43,704 [ERROR] LogOutputStream:75 - [STDERR_REDIRECT] [Fatal Error] :1:1: Premature end of file.
2025-01-21 01:10:43,704 [ERROR] LogOutputStream:75 - [STDERR_REDIRECT] 
2025-01-21 01:10:44,680 [ERROR] LogOutputStream:75 - [STDERR_REDIRECT] [Fatal Error] :1:1: Premature end of file.
2025-01-21 01:10:44,680 [ERROR] LogOutputStream:75 - [STDERR_REDIRECT] 
2025-01-21 01:10:45,714 [ERROR] LogOutputStream:75 - [STDERR_REDIRECT] [Fatal Error] :1:1: Premature end of file.
2025-01-21 01:10:45,715 [ERROR] LogOutputStream:75 - [STDERR_REDIRECT] 
2025-01-21 01:10:46,785 [ERROR] LogOutputStream:75 - [STDERR_REDIRECT] [Fatal Error] :1:1: Premature end of file.
2025-01-21 01:10:46,787 [ERROR] LogOutputStream:75 - [STDERR_REDIRECT] 
2025-01-21 01:10:47,679 [ERROR] LogOutputStream:75 - [STDERR_REDIRECT] [Fatal Error] :1:1: Premature end of file.
2025-01-21 01:10:47,679 [ERROR] LogOutputStream:75 - [STDERR_REDIRECT] 
2025-01-21 01:10:48,679 [ERROR] LogOutputStream:75 - [STDERR_REDIRECT] [Fatal Error] :1:1: Premature end of file.
2025-01-21 01:10:48,679 [ERROR] LogOutputStream:75 - [STDERR_REDIRECT] 
2025-01-21 01:10:49,704 [ERROR] LogOutputStream:75 - [STDERR_REDIRECT] [Fatal Error] :1:1: Premature end of file.
2025-01-21 01:10:49,705 [ERROR] LogOutputStream:75 - [STDERR_REDIRECT] 
2025-01-21 01:10:50,708 [ERROR] LogOutputStream:75 - [STDERR_REDIRECT] [Fatal Error] :1:1: Premature end of file.
2025-01-21 01:10:50,708 [ERROR] LogOutputStream:75 - [STDERR_REDIRECT] 
2025-01-21 01:10:51,677 [ERROR] LogOutputStream:75 - [STDERR_REDIRECT] [Fatal Error] :1:1: Premature end of file.
2025-01-21 01:10:51,677 [ERROR] LogOutputStream:75 - [STDERR_REDIRECT] 
2025-01-21 01:10:52,676 [ERROR] LogOutputStream:75 - [STDERR_REDIRECT] [Fatal Error] :1:1: Premature end of file.
2025-01-21 01:10:52,677 [ERROR] LogOutputStream:75 - [STDERR_REDIRECT] 
2025-01-21 01:10:53,704 [ERROR] LogOutputStream:75 - [STDERR_REDIRECT] [Fatal Error] :1:1: Premature end of file.
2025-01-21 01:10:53,705 [ERROR] LogOutputStream:75 - [STDERR_REDIRECT] 
2025-01-21 01:10:54,697 [ERROR] LogOutputStream:75 - [STDERR_REDIRECT] [Fatal Error] :1:1: Premature end of file.
2025-01-21 01:10:54,698 [ERROR] LogOutputStream:75 - [STDERR_REDIRECT] 
2025-01-21 01:10:55,690 [ERROR] LogOutputStream:75 - [STDERR_REDIRECT] [Fatal Error] :1:1: Premature end of file.
2025-01-21 01:10:55,691 [ERROR] LogOutputStream:75 - [STDERR_REDIRECT] 
2025-01-21 01:10:56,702 [ERROR] LogOutputStream:75 - [STDERR_REDIRECT] [Fatal Error] :1:1: Premature end of file.
2025-01-21 01:10:56,702 [ERROR] LogOutputStream:75 - [STDERR_REDIRECT] 
2025-01-21 01:10:57,712 [ERROR] LogOutputStream:75 - [STDERR_REDIRECT] [Fatal Error] :1:1: Premature end of file.
2025-01-21 01:10:57,712 [ERROR] LogOutputStream:75 - [STDERR_REDIRECT] 
2025-01-21 01:10:58,708 [ERROR] LogOutputStream:75 - [STDERR_REDIRECT] [Fatal Error] :1:1: Premature end of file.
2025-01-21 01:10:58,708 [ERROR] LogOutputStream:75 - [STDERR_REDIRECT] 
2025-01-21 01:10:59,707 [ERROR] LogOutputStream:75 - [STDERR_REDIRECT] [Fatal Error] :1:1: Premature end of file.
2025-01-21 01:10:59,707 [ERROR] LogOutputStream:75 - [STDERR_REDIRECT] 
2025-01-21 01:11:00,689 [ERROR] LogOutputStream:75 - [STDERR_REDIRECT] [Fatal Error] :1:1: Premature end of file.
2025-01-21 01:11:00,689 [ERROR] LogOutputStream:75 - [STDERR_REDIRECT] 
2025-01-21 01:11:01,720 [ERROR] LogOutputStream:75 - [STDERR_REDIRECT] [Fatal Error] :1:1: Premature end of file.
2025-01-21 01:11:01,721 [ERROR] LogOutputStream:75 - [STDERR_REDIRECT] 
2025-01-21 01:11:02,689 [ERROR] LogOutputStream:75 - [STDERR_REDIRECT] [Fatal Error] :1:1: Premature end of file.
2025-01-21 01:11:02,689 [ERROR] LogOutputStream:75 - [STDERR_REDIRECT] 
2025-01-21 01:11:03,714 [ERROR] LogOutputStream:75 - [STDERR_REDIRECT] [Fatal Error] :1:1: Premature end of file.
2025-01-21 01:11:03,714 [ERROR] LogOutputStream:75 - [STDERR_REDIRECT] 
2025-01-21 01:11:04,728 [ERROR] LogOutputStream:75 - [STDERR_REDIRECT] [Fatal Error] :1:1: Premature end of file.
2025-01-21 01:11:04,728 [ERROR] LogOutputStream:75 - [STDERR_REDIRECT] 
2025-01-21 01:11:05,704 [ERROR] LogOutputStream:75 - [STDERR_REDIRECT] [Fatal Error] :1:1: Premature end of file.
2025-01-21 01:11:05,705 [ERROR] LogOutputStream:75 - [STDERR_REDIRECT] 
2025-01-21 01:11:06,706 [ERROR] LogOutputStream:75 - [STDERR_REDIRECT] [Fatal Error] :1:1: Premature end of file.
2025-01-21 01:11:06,706 [ERROR] LogOutputStream:75 - [STDERR_REDIRECT] 
2025-01-21 01:11:07,704 [ERROR] LogOutputStream:75 - [STDERR_REDIRECT] [Fatal Error] :1:1: Premature end of file.
2025-01-21 01:11:07,704 [ERROR] LogOutputStream:75 - [STDERR_REDIRECT] 
2025-01-21 01:11:08,697 [ERROR] LogOutputStream:75 - [STDERR_REDIRECT] [Fatal Error] :1:1: Premature end of file.
2025-01-21 01:11:08,697 [ERROR] LogOutputStream:75 - [STDERR_REDIRECT] 
2025-01-21 01:11:09,753 [ERROR] LogOutputStream:75 - [STDERR_REDIRECT] [Fatal Error] :1:1: Premature end of file.
2025-01-21 01:11:09,754 [ERROR] LogOutputStream:75 - [STDERR_REDIRECT] 
2025-01-21 01:11:10,715 [ERROR] LogOutputStream:75 - [STDERR_REDIRECT] [Fatal Error] :1:1: Premature end of file.
2025-01-21 01:11:10,715 [ERROR] LogOutputStream:75 - [STDERR_REDIRECT] 
2025-01-21 01:11:11,708 [ERROR] LogOutputStream:75 - [STDERR_REDIRECT] [Fatal Error] :1:1: Premature end of file.
2025-01-21 01:11:11,708 [ERROR] LogOutputStream:75 - [STDERR_REDIRECT] 
2025-01-21 01:11:12,731 [ERROR] LogOutputStream:75 - [STDERR_REDIRECT] [Fatal Error] :1:1: Premature end of file.
2025-01-21 01:11:12,731 [ERROR] LogOutputStream:75 - [STDERR_REDIRECT] 
2025-01-21 01:11:13,723 [ERROR] LogOutputStream:75 - [STDERR_REDIRECT] [Fatal Error] :1:1: Premature end of file.
2025-01-21 01:11:13,723 [ERROR] LogOutputStream:75 - [STDERR_REDIRECT] 
2025-01-21 01:11:14,734 [ERROR] LogOutputStream:75 - [STDERR_REDIRECT] [Fatal Error] :1:1: Premature end of file.
2025-01-21 01:11:14,735 [ERROR] LogOutputStream:75 - [STDERR_REDIRECT] 
2025-01-21 01:11:15,712 [ERROR] LogOutputStream:75 - [STDERR_REDIRECT] [Fatal Error] :1:1: Premature end of file.
2025-01-21 01:11:15,712 [ERROR] LogOutputStream:75 - [STDERR_REDIRECT] 
2025-01-21 01:11:16,691 [ERROR] LogOutputStream:75 - [STDERR_REDIRECT] [Fatal Error] :1:1: Premature end of file.
2025-01-21 01:11:16,691 [ERROR] LogOutputStream:75 - [STDERR_REDIRECT] 
2025-01-21 01:11:17,726 [ERROR] LogOutputStream:75 - [STDERR_REDIRECT] [Fatal Error] :1:1: Premature end of file.
2025-01-21 01:11:17,726 [ERROR] LogOutputStream:75 - [STDERR_REDIRECT] 
2025-01-21 01:11:18,835 [ERROR] LogOutputStream:75 - [STDERR_REDIRECT] [Fatal Error] :1:1: Premature end of file.
2025-01-21 01:11:18,835 [ERROR] LogOutputStream:75 - [STDERR_REDIRECT] 
2025-01-21 01:11:19,706 [ERROR] LogOutputStream:75 - [STDERR_REDIRECT] [Fatal Error] :1:1: Premature end of file.
2025-01-21 01:11:19,708 [ERROR] LogOutputStream:75 - [STDERR_REDIRECT] 
2025-01-21 01:11:20,717 [ERROR] LogOutputStream:75 - [STDERR_REDIRECT] [Fatal Error] :1:1: Premature end of file.
2025-01-21 01:11:20,718 [ERROR] LogOutputStream:75 - [STDERR_REDIRECT] 
2025-01-21 01:11:21,713 [ERROR] LogOutputStream:75 - [STDERR_REDIRECT] [Fatal Error] :1:1: Premature end of file.
2025-01-21 01:11:21,713 [ERROR] LogOutputStream:75 - [STDERR_REDIRECT] 
2025-01-21 01:11:22,713 [ERROR] LogOutputStream:75 - [STDERR_REDIRECT] [Fatal Error] :1:1: Premature end of file.
2025-01-21 01:11:22,714 [ERROR] LogOutputStream:75 - [STDERR_REDIRECT] 
2025-01-21 01:11:23,706 [ERROR] LogOutputStream:75 - [STDERR_REDIRECT] [Fatal Error] :1:1: Premature end of file.
2025-01-21 01:11:23,706 [ERROR] LogOutputStream:75 - [STDERR_REDIRECT] 
2025-01-21 01:11:24,715 [ERROR] LogOutputStream:75 - [STDERR_REDIRECT] [Fatal Error] :1:1: Premature end of file.
2025-01-21 01:11:24,715 [ERROR] LogOutputStream:75 - [STDERR_REDIRECT] 
2025-01-21 01:11:25,702 [ERROR] LogOutputStream:75 - [STDERR_REDIRECT] [Fatal Error] :1:1: Premature end of file.
2025-01-21 01:11:25,703 [ERROR] LogOutputStream:75 - [STDERR_REDIRECT] 
2025-01-21 01:11:26,700 [ERROR] LogOutputStream:75 - [STDERR_REDIRECT] [Fatal Error] :1:1: Premature end of file.
2025-01-21 01:11:26,700 [ERROR] LogOutputStream:75 - [STDERR_REDIRECT] 
2025-01-21 01:11:27,717 [ERROR] LogOutputStream:75 - [STDERR_REDIRECT] [Fatal Error] :1:1: Premature end of file.
2025-01-21 01:11:27,717 [ERROR] LogOutputStream:75 - [STDERR_REDIRECT] 
2025-01-21 01:11:28,715 [ERROR] LogOutputStream:75 - [STDERR_REDIRECT] [Fatal Error] :1:1: Premature end of file.
2025-01-21 01:11:28,715 [ERROR] LogOutputStream:75 - [STDERR_REDIRECT] 
2025-01-21 01:11:29,698 [ERROR] LogOutputStream:75 - [STDERR_REDIRECT] [Fatal Error] :1:1: Premature end of file.
2025-01-21 01:11:29,698 [ERROR] LogOutputStream:75 - [STDERR_REDIRECT] 
2025-01-21 01:11:30,749 [ERROR] LogOutputStream:75 - [STDERR_REDIRECT] [Fatal Error] :1:1: Premature end of file.
2025-01-21 01:11:30,750 [ERROR] LogOutputStream:75 - [STDERR_REDIRECT] 
2025-01-21 01:11:31,688 [ERROR] LogOutputStream:75 - [STDERR_REDIRECT] [Fatal Error] :1:1: Premature end of file.
2025-01-21 01:11:31,689 [ERROR] LogOutputStream:75 - [STDERR_REDIRECT] 
2025-01-21 01:11:32,701 [ERROR] LogOutputStream:75 - [STDERR_REDIRECT] [Fatal Error] :1:1: Premature end of file.
2025-01-21 01:11:32,701 [ERROR] LogOutputStream:75 - [STDERR_REDIRECT] 
2025-01-21 01:11:33,711 [ERROR] LogOutputStream:75 - [STDERR_REDIRECT] [Fatal Error] :1:1: Premature end of file.
2025-01-21 01:11:33,711 [ERROR] LogOutputStream:75 - [STDERR_REDIRECT] 
2025-01-21 01:11:34,695 [ERROR] LogOutputStream:75 - [STDERR_REDIRECT] [Fatal Error] :1:1: Premature end of file.
2025-01-21 01:11:34,702 [ERROR] LogOutputStream:75 - [STDERR_REDIRECT] 
2025-01-21 01:11:35,709 [ERROR] LogOutputStream:75 - [STDERR_REDIRECT] [Fatal Error] :1:1: Premature end of file.
2025-01-21 01:11:35,710 [ERROR] LogOutputStream:75 - [STDERR_REDIRECT] 
2025-01-21 01:11:36,705 [ERROR] LogOutputStream:75 - [STDERR_REDIRECT] [Fatal Error] :1:1: Premature end of file.
2025-01-21 01:11:36,705 [ERROR] LogOutputStream:75 - [STDERR_REDIRECT] 
2025-01-21 01:11:37,761 [ERROR] LogOutputStream:75 - [STDERR_REDIRECT] [Fatal Error] :1:1: Premature end of file.
2025-01-21 01:11:37,761 [ERROR] LogOutputStream:75 - [STDERR_REDIRECT] 
2025-01-21 01:11:38,713 [ERROR] LogOutputStream:75 - [STDERR_REDIRECT] [Fatal Error] :1:1: Premature end of file.
2025-01-21 01:11:38,713 [ERROR] LogOutputStream:75 - [STDERR_REDIRECT] 
2025-01-21 01:11:39,702 [ERROR] LogOutputStream:75 - [STDERR_REDIRECT] [Fatal Error] :1:1: Premature end of file.
2025-01-21 01:11:39,702 [ERROR] LogOutputStream:75 - [STDERR_REDIRECT] 
2025-01-21 01:11:40,704 [ERROR] LogOutputStream:75 - [STDERR_REDIRECT] [Fatal Error] :1:1: Premature end of file.
2025-01-21 01:11:40,704 [ERROR] LogOutputStream:75 - [STDERR_REDIRECT] 
2025-01-21 01:11:41,708 [ERROR] LogOutputStream:75 - [STDERR_REDIRECT] [Fatal Error] :1:1: Premature end of file.
2025-01-21 01:11:41,709 [ERROR] LogOutputStream:75 - [STDERR_REDIRECT] 
2025-01-21 01:11:42,703 [ERROR] LogOutputStream:75 - [STDERR_REDIRECT] [Fatal Error] :1:1: Premature end of file.
2025-01-21 01:11:42,703 [ERROR] LogOutputStream:75 - [STDERR_REDIRECT] 
2025-01-21 01:11:43,706 [ERROR] LogOutputStream:75 - [STDERR_REDIRECT] [Fatal Error] :1:1: Premature end of file.
2025-01-21 01:11:43,706 [ERROR] LogOutputStream:75 - [STDERR_REDIRECT] 
2025-01-21 01:11:44,718 [ERROR] LogOutputStream:75 - [STDERR_REDIRECT] [Fatal Error] :1:1: Premature end of file.
2025-01-21 01:11:44,718 [ERROR] LogOutputStream:75 - [STDERR_REDIRECT] 
2025-01-21 01:11:45,715 [ERROR] LogOutputStream:75 - [STDERR_REDIRECT] [Fatal Error] :1:1: Premature end of file.
2025-01-21 01:11:45,716 [ERROR] LogOutputStream:75 - [STDERR_REDIRECT] 
2025-01-21 01:11:46,709 [ERROR] LogOutputStream:75 - [STDERR_REDIRECT] [Fatal Error] :1:1: Premature end of file.
2025-01-21 01:11:46,709 [ERROR] LogOutputStream:75 - [STDERR_REDIRECT] 
2025-01-21 01:11:47,703 [ERROR] LogOutputStream:75 - [STDERR_REDIRECT] [Fatal Error] :1:1: Premature end of file.
2025-01-21 01:11:47,703 [ERROR] LogOutputStream:75 - [STDERR_REDIRECT] 
2025-01-21 01:11:48,746 [ERROR] LogOutputStream:75 - [STDERR_REDIRECT] [Fatal Error] :1:1: Premature end of file.
2025-01-21 01:11:48,746 [ERROR] LogOutputStream:75 - [STDERR_REDIRECT] 
2025-01-21 01:11:49,721 [ERROR] LogOutputStream:75 - [STDERR_REDIRECT] [Fatal Error] :1:1: Premature end of file.
2025-01-21 01:11:49,722 [ERROR] LogOutputStream:75 - [STDERR_REDIRECT] 
2025-01-21 01:11:50,727 [ERROR] LogOutputStream:75 - [STDERR_REDIRECT] [Fatal Error] :1:1: Premature end of file.
2025-01-21 01:11:50,738 [ERROR] LogOutputStream:75 - [STDERR_REDIRECT] 
2025-01-21 01:11:51,707 [ERROR] LogOutputStream:75 - [STDERR_REDIRECT] [Fatal Error] :1:1: Premature end of file.
2025-01-21 01:11:51,708 [ERROR] LogOutputStream:75 - [STDERR_REDIRECT] 
2025-01-21 01:11:52,719 [ERROR] LogOutputStream:75 - [STDERR_REDIRECT] [Fatal Error] :1:1: Premature end of file.
2025-01-21 01:11:52,719 [ERROR] LogOutputStream:75 - [STDERR_REDIRECT] 
2025-01-21 01:11:53,690 [ERROR] LogOutputStream:75 - [STDERR_REDIRECT] [Fatal Error] :1:1: Premature end of file.
2025-01-21 01:11:53,690 [ERROR] LogOutputStream:75 - [STDERR_REDIRECT] 
2025-01-21 01:11:54,712 [ERROR] LogOutputStream:75 - [STDERR_REDIRECT] [Fatal Error] :1:1: Premature end of file.
2025-01-21 01:11:54,712 [ERROR] LogOutputStream:75 - [STDERR_REDIRECT] 
2025-01-21 01:11:55,705 [ERROR] LogOutputStream:75 - [STDERR_REDIRECT] [Fatal Error] :1:1: Premature end of file.
2025-01-21 01:11:55,705 [ERROR] LogOutputStream:75 - [STDERR_REDIRECT] 
2025-01-21 01:11:56,728 [ERROR] LogOutputStream:75 - [STDERR_REDIRECT] [Fatal Error] :1:1: Premature end of file.
2025-01-21 01:11:56,728 [ERROR] LogOutputStream:75 - [STDERR_REDIRECT] 
2025-01-21 01:11:57,712 [ERROR] LogOutputStream:75 - [STDERR_REDIRECT] [Fatal Error] :1:1: Premature end of file.
2025-01-21 01:11:57,713 [ERROR] LogOutputStream:75 - [STDERR_REDIRECT] 
2025-01-21 01:11:58,710 [ERROR] LogOutputStream:75 - [STDERR_REDIRECT] [Fatal Error] :1:1: Premature end of file.
2025-01-21 01:11:58,710 [ERROR] LogOutputStream:75 - [STDERR_REDIRECT] 
2025-01-21 01:11:59,705 [ERROR] LogOutputStream:75 - [STDERR_REDIRECT] [Fatal Error] :1:1: Premature end of file.
2025-01-21 01:11:59,705 [ERROR] LogOutputStream:75 - [STDERR_REDIRECT] 
2025-01-21 01:12:00,707 [ERROR] LogOutputStream:75 - [STDERR_REDIRECT] [Fatal Error] :1:1: Premature end of file.
2025-01-21 01:12:00,708 [ERROR] LogOutputStream:75 - [STDERR_REDIRECT] 
2025-01-21 01:12:01,711 [ERROR] LogOutputStream:75 - [STDERR_REDIRECT] [Fatal Error] :1:1: Premature end of file.
2025-01-21 01:12:01,711 [ERROR] LogOutputStream:75 - [STDERR_REDIRECT] 
2025-01-21 01:12:02,704 [ERROR] LogOutputStream:75 - [STDERR_REDIRECT] [Fatal Error] :1:1: Premature end of file.
2025-01-21 01:12:02,704 [ERROR] LogOutputStream:75 - [STDERR_REDIRECT] 
2025-01-21 01:12:03,725 [ERROR] LogOutputStream:75 - [STDERR_REDIRECT] [Fatal Error] :1:1: Premature end of file.
2025-01-21 01:12:03,725 [ERROR] LogOutputStream:75 - [STDERR_REDIRECT] 
2025-01-21 01:12:04,718 [ERROR] LogOutputStream:75 - [STDERR_REDIRECT] [Fatal Error] :1:1: Premature end of file.
2025-01-21 01:12:04,718 [ERROR] LogOutputStream:75 - [STDERR_REDIRECT] 
2025-01-21 01:12:05,727 [ERROR] LogOutputStream:75 - [STDERR_REDIRECT] [Fatal Error] :1:1: Premature end of file.
2025-01-21 01:12:05,728 [ERROR] LogOutputStream:75 - [STDERR_REDIRECT] 
2025-01-21 01:12:06,701 [ERROR] LogOutputStream:75 - [STDERR_REDIRECT] [Fatal Error] :1:1: Premature end of file.
2025-01-21 01:12:06,701 [ERROR] LogOutputStream:75 - [STDERR_REDIRECT] 
2025-01-21 01:12:07,704 [ERROR] LogOutputStream:75 - [STDERR_REDIRECT] [Fatal Error] :1:1: Premature end of file.
2025-01-21 01:12:07,704 [ERROR] LogOutputStream:75 - [STDERR_REDIRECT] 
2025-01-21 01:12:08,714 [ERROR] LogOutputStream:75 - [STDERR_REDIRECT] [Fatal Error] :1:1: Premature end of file.
2025-01-21 01:12:08,714 [ERROR] LogOutputStream:75 - [STDERR_REDIRECT] 
2025-01-21 01:12:09,699 [ERROR] LogOutputStream:75 - [STDERR_REDIRECT] [Fatal Error] :1:1: Premature end of file.
2025-01-21 01:12:09,699 [ERROR] LogOutputStream:75 - [STDERR_REDIRECT] 
2025-01-21 01:12:10,719 [ERROR] LogOutputStream:75 - [STDERR_REDIRECT] [Fatal Error] :1:1: Premature end of file.
2025-01-21 01:12:10,719 [ERROR] LogOutputStream:75 - [STDERR_REDIRECT] 
2025-01-21 01:12:11,696 [ERROR] LogOutputStream:75 - [STDERR_REDIRECT] [Fatal Error] :1:1: Premature end of file.
2025-01-21 01:12:11,696 [ERROR] LogOutputStream:75 - [STDERR_REDIRECT] 
2025-01-21 01:12:12,716 [ERROR] LogOutputStream:75 - [STDERR_REDIRECT] [Fatal Error] :1:1: Premature end of file.
2025-01-21 01:12:12,716 [ERROR] LogOutputStream:75 - [STDERR_REDIRECT] 
2025-01-21 01:12:13,728 [ERROR] LogOutputStream:75 - [STDERR_REDIRECT] [Fatal Error] :1:1: Premature end of file.
2025-01-21 01:12:13,728 [ERROR] LogOutputStream:75 - [STDERR_REDIRECT] 
2025-01-21 01:12:14,705 [ERROR] LogOutputStream:75 - [STDERR_REDIRECT] [Fatal Error] :1:1: Premature end of file.
2025-01-21 01:12:14,706 [ERROR] LogOutputStream:75 - [STDERR_REDIRECT] 
2025-01-21 01:12:15,701 [ERROR] LogOutputStream:75 - [STDERR_REDIRECT] [Fatal Error] :1:1: Premature end of file.
2025-01-21 01:12:15,701 [ERROR] LogOutputStream:75 - [STDERR_REDIRECT] 
2025-01-21 01:12:16,707 [ERROR] LogOutputStream:75 - [STDERR_REDIRECT] [Fatal Error] :1:1: Premature end of file.
2025-01-21 01:12:16,707 [ERROR] LogOutputStream:75 - [STDERR_REDIRECT] 
2025-01-21 01:12:17,738 [ERROR] LogOutputStream:75 - [STDERR_REDIRECT] [Fatal Error] :1:1: Premature end of file.
2025-01-21 01:12:17,738 [ERROR] LogOutputStream:75 - [STDERR_REDIRECT] 
2025-01-21 01:12:18,713 [ERROR] LogOutputStream:75 - [STDERR_REDIRECT] [Fatal Error] :1:1: Premature end of file.
2025-01-21 01:12:18,714 [ERROR] LogOutputStream:75 - [STDERR_REDIRECT] 
2025-01-21 01:12:19,715 [ERROR] LogOutputStream:75 - [STDERR_REDIRECT] [Fatal Error] :1:1: Premature end of file.
2025-01-21 01:12:19,715 [ERROR] LogOutputStream:75 - [STDERR_REDIRECT] 
2025-01-21 01:12:20,716 [ERROR] LogOutputStream:75 - [STDERR_REDIRECT] [Fatal Error] :1:1: Premature end of file.
2025-01-21 01:12:20,716 [ERROR] LogOutputStream:75 - [STDERR_REDIRECT] 
2025-01-21 01:12:21,710 [ERROR] LogOutputStream:75 - [STDERR_REDIRECT] [Fatal Error] :1:1: Premature end of file.
2025-01-21 01:12:21,710 [ERROR] LogOutputStream:75 - [STDERR_REDIRECT] 
2025-01-21 01:12:22,716 [ERROR] LogOutputStream:75 - [STDERR_REDIRECT] [Fatal Error] :1:1: Premature end of file.
2025-01-21 01:12:22,716 [ERROR] LogOutputStream:75 - [STDERR_REDIRECT] 
2025-01-21 01:12:23,704 [ERROR] LogOutputStream:75 - [STDERR_REDIRECT] [Fatal Error] :1:1: Premature end of file.
2025-01-21 01:12:23,704 [ERROR] LogOutputStream:75 - [STDERR_REDIRECT] 
2025-01-21 01:12:24,738 [ERROR] LogOutputStream:75 - [STDERR_REDIRECT] [Fatal Error] :1:1: Premature end of file.
2025-01-21 01:12:24,739 [ERROR] LogOutputStream:75 - [STDERR_REDIRECT] 
2025-01-21 01:12:25,711 [ERROR] LogOutputStream:75 - [STDERR_REDIRECT] [Fatal Error] :1:1: Premature end of file.
2025-01-21 01:12:25,711 [ERROR] LogOutputStream:75 - [STDERR_REDIRECT] 
2025-01-21 01:12:26,701 [ERROR] LogOutputStream:75 - [STDERR_REDIRECT] [Fatal Error] :1:1: Premature end of file.
2025-01-21 01:12:26,703 [ERROR] LogOutputStream:75 - [STDERR_REDIRECT] 
2025-01-21 01:12:27,699 [ERROR] LogOutputStream:75 - [STDERR_REDIRECT] [Fatal Error] :1:1: Premature end of file.
2025-01-21 01:12:27,700 [ERROR] LogOutputStream:75 - [STDERR_REDIRECT] 
2025-01-21 01:12:28,715 [ERROR] LogOutputStream:75 - [STDERR_REDIRECT] [Fatal Error] :1:1: Premature end of file.
2025-01-21 01:12:28,715 [ERROR] LogOutputStream:75 - [STDERR_REDIRECT] 
2025-01-21 01:12:29,733 [ERROR] LogOutputStream:75 - [STDERR_REDIRECT] [Fatal Error] :1:1: Premature end of file.
2025-01-21 01:12:29,733 [ERROR] LogOutputStream:75 - [STDERR_REDIRECT] 
2025-01-21 01:12:30,720 [ERROR] LogOutputStream:75 - [STDERR_REDIRECT] [Fatal Error] :1:1: Premature end of file.
2025-01-21 01:12:30,720 [ERROR] LogOutputStream:75 - [STDERR_REDIRECT] 
2025-01-21 01:12:31,741 [ERROR] LogOutputStream:75 - [STDERR_REDIRECT] [Fatal Error] :1:1: Premature end of file.
2025-01-21 01:12:31,742 [ERROR] LogOutputStream:75 - [STDERR_REDIRECT] 
2025-01-21 01:12:32,711 [ERROR] LogOutputStream:75 - [STDERR_REDIRECT] [Fatal Error] :1:1: Premature end of file.
2025-01-21 01:12:32,711 [ERROR] LogOutputStream:75 - [STDERR_REDIRECT] 
2025-01-21 01:12:33,712 [ERROR] LogOutputStream:75 - [STDERR_REDIRECT] [Fatal Error] :1:1: Premature end of file.
2025-01-21 01:12:33,712 [ERROR] LogOutputStream:75 - [STDERR_REDIRECT] 
2025-01-21 01:12:34,704 [ERROR] LogOutputStream:75 - [STDERR_REDIRECT] [Fatal Error] :1:1: Premature end of file.
2025-01-21 01:12:34,704 [ERROR] LogOutputStream:75 - [STDERR_REDIRECT] 
2025-01-21 01:12:35,708 [ERROR] LogOutputStream:75 - [STDERR_REDIRECT] [Fatal Error] :1:1: Premature end of file.
2025-01-21 01:12:35,709 [ERROR] LogOutputStream:75 - [STDERR_REDIRECT] 
2025-01-21 01:12:36,712 [ERROR] LogOutputStream:75 - [STDERR_REDIRECT] [Fatal Error] :1:1: Premature end of file.
2025-01-21 01:12:36,713 [ERROR] LogOutputStream:75 - [STDERR_REDIRECT] 
2025-01-21 01:12:37,715 [ERROR] LogOutputStream:75 - [STDERR_REDIRECT] [Fatal Error] :1:1: Premature end of file.
2025-01-21 01:12:37,716 [ERROR] LogOutputStream:75 - [STDERR_REDIRECT] 
2025-01-21 01:12:38,707 [ERROR] LogOutputStream:75 - [STDERR_REDIRECT] [Fatal Error] :1:1: Premature end of file.
2025-01-21 01:12:38,707 [ERROR] LogOutputStream:75 - [STDERR_REDIRECT] 
2025-01-21 01:12:39,702 [ERROR] LogOutputStream:75 - [STDERR_REDIRECT] [Fatal Error] :1:1: Premature end of file.
2025-01-21 01:12:39,702 [ERROR] LogOutputStream:75 - [STDERR_REDIRECT] 
2025-01-21 01:12:40,715 [ERROR] LogOutputStream:75 - [STDERR_REDIRECT] [Fatal Error] :1:1: Premature end of file.
2025-01-21 01:12:40,715 [ERROR] LogOutputStream:75 - [STDERR_REDIRECT] 
2025-01-21 01:12:41,712 [ERROR] LogOutputStream:75 - [STDERR_REDIRECT] [Fatal Error] :1:1: Premature end of file.
2025-01-21 01:12:41,712 [ERROR] LogOutputStream:75 - [STDERR_REDIRECT] 
2025-01-21 01:12:42,732 [ERROR] LogOutputStream:75 - [STDERR_REDIRECT] [Fatal Error] :1:1: Premature end of file.
2025-01-21 01:12:42,732 [ERROR] LogOutputStream:75 - [STDERR_REDIRECT] 
2025-01-21 01:12:43,715 [ERROR] LogOutputStream:75 - [STDERR_REDIRECT] [Fatal Error] :1:1: Premature end of file.
2025-01-21 01:12:43,715 [ERROR] LogOutputStream:75 - [STDERR_REDIRECT] 
2025-01-21 01:12:44,699 [ERROR] LogOutputStream:75 - [STDERR_REDIRECT] [Fatal Error] :1:1: Premature end of file.
2025-01-21 01:12:44,699 [ERROR] LogOutputStream:75 - [STDERR_REDIRECT] 
2025-01-21 01:12:45,710 [ERROR] LogOutputStream:75 - [STDERR_REDIRECT] [Fatal Error] :1:1: Premature end of file.
2025-01-21 01:12:45,710 [ERROR] LogOutputStream:75 - [STDERR_REDIRECT] 
2025-01-21 01:12:46,737 [ERROR] LogOutputStream:75 - [STDERR_REDIRECT] [Fatal Error] :1:1: Premature end of file.
2025-01-21 01:12:46,738 [ERROR] LogOutputStream:75 - [STDERR_REDIRECT] 
2025-01-21 01:12:47,745 [ERROR] LogOutputStream:75 - [STDERR_REDIRECT] [Fatal Error] :1:1: Premature end of file.
2025-01-21 01:12:47,745 [ERROR] LogOutputStream:75 - [STDERR_REDIRECT] 
2025-01-21 01:12:48,714 [ERROR] LogOutputStream:75 - [STDERR_REDIRECT] [Fatal Error] :1:1: Premature end of file.
2025-01-21 01:12:48,715 [ERROR] LogOutputStream:75 - [STDERR_REDIRECT] 
2025-01-21 01:12:49,701 [ERROR] LogOutputStream:75 - [STDERR_REDIRECT] [Fatal Error] :1:1: Premature end of file.
2025-01-21 01:12:49,701 [ERROR] LogOutputStream:75 - [STDERR_REDIRECT] 
2025-01-21 01:12:50,693 [ERROR] LogOutputStream:75 - [STDERR_REDIRECT] [Fatal Error] :1:1: Premature end of file.
2025-01-21 01:12:50,693 [ERROR] LogOutputStream:75 - [STDERR_REDIRECT] 
2025-01-21 01:12:51,712 [ERROR] LogOutputStream:75 - [STDERR_REDIRECT] [Fatal Error] :1:1: Premature end of file.
2025-01-21 01:12:51,712 [ERROR] LogOutputStream:75 - [STDERR_REDIRECT] 
2025-01-21 01:12:52,699 [ERROR] LogOutputStream:75 - [STDERR_REDIRECT] [Fatal Error] :1:1: Premature end of file.
2025-01-21 01:12:52,699 [ERROR] LogOutputStream:75 - [STDERR_REDIRECT] 
2025-01-21 01:12:53,714 [ERROR] LogOutputStream:75 - [STDERR_REDIRECT] [Fatal Error] :1:1: Premature end of file.
2025-01-21 01:12:53,714 [ERROR] LogOutputStream:75 - [STDERR_REDIRECT] 
2025-01-21 01:12:54,727 [ERROR] LogOutputStream:75 - [STDERR_REDIRECT] [Fatal Error] :1:1: Premature end of file.
2025-01-21 01:12:54,728 [ERROR] LogOutputStream:75 - [STDERR_REDIRECT] 
2025-01-21 01:12:55,708 [ERROR] LogOutputStream:75 - [STDERR_REDIRECT] [Fatal Error] :1:1: Premature end of file.
2025-01-21 01:12:55,710 [ERROR] LogOutputStream:75 - [STDERR_REDIRECT] 
2025-01-21 01:12:56,730 [ERROR] LogOutputStream:75 - [STDERR_REDIRECT] [Fatal Error] :1:1: Premature end of file.
2025-01-21 01:12:56,730 [ERROR] LogOutputStream:75 - [STDERR_REDIRECT] 
2025-01-21 01:12:57,715 [ERROR] LogOutputStream:75 - [STDERR_REDIRECT] [Fatal Error] :1:1: Premature end of file.
2025-01-21 01:12:57,716 [ERROR] LogOutputStream:75 - [STDERR_REDIRECT] 
2025-01-21 01:12:58,710 [ERROR] LogOutputStream:75 - [STDERR_REDIRECT] [Fatal Error] :1:1: Premature end of file.
2025-01-21 01:12:58,710 [ERROR] LogOutputStream:75 - [STDERR_REDIRECT] 
2025-01-21 01:12:59,712 [ERROR] LogOutputStream:75 - [STDERR_REDIRECT] [Fatal Error] :1:1: Premature end of file.
2025-01-21 01:12:59,713 [ERROR] LogOutputStream:75 - [STDERR_REDIRECT] 
2025-01-21 01:13:00,716 [ERROR] LogOutputStream:75 - [STDERR_REDIRECT] [Fatal Error] :1:1: Premature end of file.
2025-01-21 01:13:00,716 [ERROR] LogOutputStream:75 - [STDERR_REDIRECT] 
2025-01-21 01:13:01,810 [ERROR] LogOutputStream:75 - [STDERR_REDIRECT] [Fatal Error] :1:1: Premature end of file.
2025-01-21 01:13:01,810 [ERROR] LogOutputStream:75 - [STDERR_REDIRECT] 
2025-01-21 01:13:02,709 [ERROR] LogOutputStream:75 - [STDERR_REDIRECT] [Fatal Error] :1:1: Premature end of file.
2025-01-21 01:13:02,709 [ERROR] LogOutputStream:75 - [STDERR_REDIRECT] 
2025-01-21 01:13:03,717 [ERROR] LogOutputStream:75 - [STDERR_REDIRECT] [Fatal Error] :1:1: Premature end of file.
2025-01-21 01:13:03,717 [ERROR] LogOutputStream:75 - [STDERR_REDIRECT] 
2025-01-21 01:13:04,683 [ERROR] LogOutputStream:75 - [STDERR_REDIRECT] [Fatal Error] :1:1: Premature end of file.
2025-01-21 01:13:04,683 [ERROR] LogOutputStream:75 - [STDERR_REDIRECT] 
2025-01-21 01:13:05,706 [ERROR] LogOutputStream:75 - [STDERR_REDIRECT] [Fatal Error] :1:1: Premature end of file.
2025-01-21 01:13:05,706 [ERROR] LogOutputStream:75 - [STDERR_REDIRECT] 
2025-01-21 01:13:06,692 [ERROR] LogOutputStream:75 - [STDERR_REDIRECT] [Fatal Error] :1:1: Premature end of file.
2025-01-21 01:13:06,692 [ERROR] LogOutputStream:75 - [STDERR_REDIRECT] 
2025-01-21 01:13:07,702 [ERROR] LogOutputStream:75 - [STDERR_REDIRECT] [Fatal Error] :1:1: Premature end of file.
2025-01-21 01:13:07,702 [ERROR] LogOutputStream:75 - [STDERR_REDIRECT] 
2025-01-21 01:13:08,722 [ERROR] LogOutputStream:75 - [STDERR_REDIRECT] [Fatal Error] :1:1: Premature end of file.
2025-01-21 01:13:08,722 [ERROR] LogOutputStream:75 - [STDERR_REDIRECT] 
2025-01-21 01:13:09,710 [ERROR] LogOutputStream:75 - [STDERR_REDIRECT] [Fatal Error] :1:1: Premature end of file.
2025-01-21 01:13:09,710 [ERROR] LogOutputStream:75 - [STDERR_REDIRECT] 
2025-01-21 01:13:10,710 [ERROR] LogOutputStream:75 - [STDERR_REDIRECT] [Fatal Error] :1:1: Premature end of file.
2025-01-21 01:13:10,710 [ERROR] LogOutputStream:75 - [STDERR_REDIRECT] 
2025-01-21 01:13:11,700 [ERROR] LogOutputStream:75 - [STDERR_REDIRECT] [Fatal Error] :1:1: Premature end of file.
2025-01-21 01:13:11,700 [ERROR] LogOutputStream:75 - [STDERR_REDIRECT] 
2025-01-21 01:13:12,691 [ERROR] LogOutputStream:75 - [STDERR_REDIRECT] [Fatal Error] :1:1: Premature end of file.
2025-01-21 01:13:12,691 [ERROR] LogOutputStream:75 - [STDERR_REDIRECT] 
2025-01-21 01:13:13,715 [ERROR] LogOutputStream:75 - [STDERR_REDIRECT] [Fatal Error] :1:1: Premature end of file.
2025-01-21 01:13:13,715 [ERROR] LogOutputStream:75 - [STDERR_REDIRECT] 
2025-01-21 01:13:14,747 [ERROR] LogOutputStream:75 - [STDERR_REDIRECT] [Fatal Error] :1:1: Premature end of file.
2025-01-21 01:13:14,747 [ERROR] LogOutputStream:75 - [STDERR_REDIRECT] 
2025-01-21 01:13:15,728 [ERROR] LogOutputStream:75 - [STDERR_REDIRECT] [Fatal Error] :1:1: Premature end of file.
2025-01-21 01:13:15,728 [ERROR] LogOutputStream:75 - [STDERR_REDIRECT] 
2025-01-21 01:13:16,693 [ERROR] LogOutputStream:75 - [STDERR_REDIRECT] [Fatal Error] :1:1: Premature end of file.
2025-01-21 01:13:16,694 [ERROR] LogOutputStream:75 - [STDERR_REDIRECT] 
2025-01-21 01:13:17,698 [ERROR] LogOutputStream:75 - [STDERR_REDIRECT] [Fatal Error] :1:1: Premature end of file.
2025-01-21 01:13:17,698 [ERROR] LogOutputStream:75 - [STDERR_REDIRECT] 
2025-01-21 01:13:18,716 [ERROR] LogOutputStream:75 - [STDERR_REDIRECT] [Fatal Error] :1:1: Premature end of file.
2025-01-21 01:13:18,716 [ERROR] LogOutputStream:75 - [STDERR_REDIRECT] 
2025-01-21 01:13:19,706 [ERROR] LogOutputStream:75 - [STDERR_REDIRECT] [Fatal Error] :1:1: Premature end of file.
2025-01-21 01:13:19,707 [ERROR] LogOutputStream:75 - [STDERR_REDIRECT] 
2025-01-21 01:13:20,687 [ERROR] LogOutputStream:75 - [STDERR_REDIRECT] [Fatal Error] :1:1: Premature end of file.
2025-01-21 01:13:20,687 [ERROR] LogOutputStream:75 - [STDERR_REDIRECT] 
2025-01-21 01:13:21,705 [ERROR] LogOutputStream:75 - [STDERR_REDIRECT] [Fatal Error] :1:1: Premature end of file.
2025-01-21 01:13:21,705 [ERROR] LogOutputStream:75 - [STDERR_REDIRECT] 
2025-01-21 01:13:22,711 [ERROR] LogOutputStream:75 - [STDERR_REDIRECT] [Fatal Error] :1:1: Premature end of file.
2025-01-21 01:13:22,712 [ERROR] LogOutputStream:75 - [STDERR_REDIRECT] 
2025-01-21 01:13:23,704 [ERROR] LogOutputStream:75 - [STDERR_REDIRECT] [Fatal Error] :1:1: Premature end of file.
2025-01-21 01:13:23,704 [ERROR] LogOutputStream:75 - [STDERR_REDIRECT] 
2025-01-21 01:13:24,718 [ERROR] LogOutputStream:75 - [STDERR_REDIRECT] [Fatal Error] :1:1: Premature end of file.
2025-01-21 01:13:24,719 [ERROR] LogOutputStream:75 - [STDERR_REDIRECT] 
2025-01-21 01:13:25,709 [ERROR] LogOutputStream:75 - [STDERR_REDIRECT] [Fatal Error] :1:1: Premature end of file.
2025-01-21 01:13:25,709 [ERROR] LogOutputStream:75 - [STDERR_REDIRECT] 
2025-01-21 01:13:26,704 [ERROR] LogOutputStream:75 - [STDERR_REDIRECT] [Fatal Error] :1:1: Premature end of file.
2025-01-21 01:13:26,704 [ERROR] LogOutputStream:75 - [STDERR_REDIRECT] 
2025-01-21 01:13:27,707 [ERROR] LogOutputStream:75 - [STDERR_REDIRECT] [Fatal Error] :1:1: Premature end of file.
2025-01-21 01:13:27,708 [ERROR] LogOutputStream:75 - [STDERR_REDIRECT] 
2025-01-21 01:13:28,735 [ERROR] LogOutputStream:75 - [STDERR_REDIRECT] [Fatal Error] :1:1: Premature end of file.
2025-01-21 01:13:28,736 [ERROR] LogOutputStream:75 - [STDERR_REDIRECT] 
2025-01-21 01:13:29,725 [ERROR] LogOutputStream:75 - [STDERR_REDIRECT] [Fatal Error] :1:1: Premature end of file.
2025-01-21 01:13:29,725 [ERROR] LogOutputStream:75 - [STDERR_REDIRECT] 
2025-01-21 01:13:30,700 [ERROR] LogOutputStream:75 - [STDERR_REDIRECT] [Fatal Error] :1:1: Premature end of file.
2025-01-21 01:13:30,700 [ERROR] LogOutputStream:75 - [STDERR_REDIRECT] 
2025-01-21 01:13:31,709 [ERROR] LogOutputStream:75 - [STDERR_REDIRECT] [Fatal Error] :1:1: Premature end of file.
2025-01-21 01:13:31,709 [ERROR] LogOutputStream:75 - [STDERR_REDIRECT] 
2025-01-21 01:13:32,702 [ERROR] LogOutputStream:75 - [STDERR_REDIRECT] [Fatal Error] :1:1: Premature end of file.
2025-01-21 01:13:32,702 [ERROR] LogOutputStream:75 - [STDERR_REDIRECT] 
2025-01-21 01:13:33,705 [ERROR] LogOutputStream:75 - [STDERR_REDIRECT] [Fatal Error] :1:1: Premature end of file.
2025-01-21 01:13:33,705 [ERROR] LogOutputStream:75 - [STDERR_REDIRECT] 
2025-01-21 01:13:34,710 [ERROR] LogOutputStream:75 - [STDERR_REDIRECT] [Fatal Error] :1:1: Premature end of file.
2025-01-21 01:13:34,711 [ERROR] LogOutputStream:75 - [STDERR_REDIRECT] 
2025-01-21 01:13:35,703 [ERROR] LogOutputStream:75 - [STDERR_REDIRECT] [Fatal Error] :1:1: Premature end of file.
2025-01-21 01:13:35,703 [ERROR] LogOutputStream:75 - [STDERR_REDIRECT] 
2025-01-21 01:13:36,733 [ERROR] LogOutputStream:75 - [STDERR_REDIRECT] [Fatal Error] :1:1: Premature end of file.
2025-01-21 01:13:36,733 [ERROR] LogOutputStream:75 - [STDERR_REDIRECT] 
2025-01-21 01:13:37,718 [ERROR] LogOutputStream:75 - [STDERR_REDIRECT] [Fatal Error] :1:1: Premature end of file.
2025-01-21 01:13:37,718 [ERROR] LogOutputStream:75 - [STDERR_REDIRECT] 
2025-01-21 01:13:38,706 [ERROR] LogOutputStream:75 - [STDERR_REDIRECT] [Fatal Error] :1:1: Premature end of file.
2025-01-21 01:13:38,706 [ERROR] LogOutputStream:75 - [STDERR_REDIRECT] 
2025-01-21 01:13:39,702 [ERROR] LogOutputStream:75 - [STDERR_REDIRECT] [Fatal Error] :1:1: Premature end of file.
2025-01-21 01:13:39,702 [ERROR] LogOutputStream:75 - [STDERR_REDIRECT] 
2025-01-21 01:13:40,697 [ERROR] LogOutputStream:75 - [STDERR_REDIRECT] [Fatal Error] :1:1: Premature end of file.
2025-01-21 01:13:40,697 [ERROR] LogOutputStream:75 - [STDERR_REDIRECT] 
2025-01-21 01:13:41,726 [ERROR] LogOutputStream:75 - [STDERR_REDIRECT] [Fatal Error] :1:1: Premature end of file.
2025-01-21 01:13:41,727 [ERROR] LogOutputStream:75 - [STDERR_REDIRECT] 
2025-01-21 01:13:42,706 [ERROR] LogOutputStream:75 - [STDERR_REDIRECT] [Fatal Error] :1:1: Premature end of file.
2025-01-21 01:13:42,706 [ERROR] LogOutputStream:75 - [STDERR_REDIRECT] 
2025-01-21 01:13:43,712 [ERROR] LogOutputStream:75 - [STDERR_REDIRECT] [Fatal Error] :1:1: Premature end of file.
2025-01-21 01:13:43,712 [ERROR] LogOutputStream:75 - [STDERR_REDIRECT] 
2025-01-21 01:13:44,708 [ERROR] LogOutputStream:75 - [STDERR_REDIRECT] [Fatal Error] :1:1: Premature end of file.
2025-01-21 01:13:44,708 [ERROR] LogOutputStream:75 - [STDERR_REDIRECT] 
2025-01-21 01:13:45,712 [ERROR] LogOutputStream:75 - [STDERR_REDIRECT] [Fatal Error] :1:1: Premature end of file.
2025-01-21 01:13:45,712 [ERROR] LogOutputStream:75 - [STDERR_REDIRECT] 
2025-01-21 01:13:46,732 [ERROR] LogOutputStream:75 - [STDERR_REDIRECT] [Fatal Error] :1:1: Premature end of file.
2025-01-21 01:13:46,732 [ERROR] LogOutputStream:75 - [STDERR_REDIRECT] 
2025-01-21 01:13:47,718 [ERROR] LogOutputStream:75 - [STDERR_REDIRECT] [Fatal Error] :1:1: Premature end of file.
2025-01-21 01:13:47,718 [ERROR] LogOutputStream:75 - [STDERR_REDIRECT] 
2025-01-21 01:13:48,709 [ERROR] LogOutputStream:75 - [STDERR_REDIRECT] [Fatal Error] :1:1: Premature end of file.
2025-01-21 01:13:48,709 [ERROR] LogOutputStream:75 - [STDERR_REDIRECT] 
2025-01-21 01:13:49,704 [ERROR] LogOutputStream:75 - [STDERR_REDIRECT] [Fatal Error] :1:1: Premature end of file.
2025-01-21 01:13:49,704 [ERROR] LogOutputStream:75 - [STDERR_REDIRECT] 
2025-01-21 01:13:50,709 [ERROR] LogOutputStream:75 - [STDERR_REDIRECT] [Fatal Error] :1:1: Premature end of file.
2025-01-21 01:13:50,710 [ERROR] LogOutputStream:75 - [STDERR_REDIRECT] 
2025-01-21 01:13:51,709 [ERROR] LogOutputStream:75 - [STDERR_REDIRECT] [Fatal Error] :1:1: Premature end of file.
2025-01-21 01:13:51,709 [ERROR] LogOutputStream:75 - [STDERR_REDIRECT] 
2025-01-21 01:13:52,709 [ERROR] LogOutputStream:75 - [STDERR_REDIRECT] [Fatal Error] :1:1: Premature end of file.
2025-01-21 01:13:52,709 [ERROR] LogOutputStream:75 - [STDERR_REDIRECT] 
2025-01-21 01:13:53,728 [ERROR] LogOutputStream:75 - [STDERR_REDIRECT] [Fatal Error] :1:1: Premature end of file.
2025-01-21 01:13:53,728 [ERROR] LogOutputStream:75 - [STDERR_REDIRECT] 
2025-01-21 01:13:54,706 [ERROR] LogOutputStream:75 - [STDERR_REDIRECT] [Fatal Error] :1:1: Premature end of file.
2025-01-21 01:13:54,706 [ERROR] LogOutputStream:75 - [STDERR_REDIRECT] 
2025-01-21 01:13:55,692 [ERROR] LogOutputStream:75 - [STDERR_REDIRECT] [Fatal Error] :1:1: Premature end of file.
2025-01-21 01:13:55,692 [ERROR] LogOutputStream:75 - [STDERR_REDIRECT] 
2025-01-21 01:13:56,715 [ERROR] LogOutputStream:75 - [STDERR_REDIRECT] [Fatal Error] :1:1: Premature end of file.
2025-01-21 01:13:56,716 [ERROR] LogOutputStream:75 - [STDERR_REDIRECT] 
2025-01-21 01:13:57,689 [ERROR] LogOutputStream:75 - [STDERR_REDIRECT] [Fatal Error] :1:1: Premature end of file.
2025-01-21 01:13:57,690 [ERROR] LogOutputStream:75 - [STDERR_REDIRECT] 
2025-01-21 01:13:58,707 [ERROR] LogOutputStream:75 - [STDERR_REDIRECT] [Fatal Error] :1:1: Premature end of file.
2025-01-21 01:13:58,708 [ERROR] LogOutputStream:75 - [STDERR_REDIRECT] 
2025-01-21 01:13:59,701 [ERROR] LogOutputStream:75 - [STDERR_REDIRECT] [Fatal Error] :1:1: Premature end of file.
2025-01-21 01:13:59,701 [ERROR] LogOutputStream:75 - [STDERR_REDIRECT] 
2025-01-21 01:14:00,708 [ERROR] LogOutputStream:75 - [STDERR_REDIRECT] [Fatal Error] :1:1: Premature end of file.
2025-01-21 01:14:00,709 [ERROR] LogOutputStream:75 - [STDERR_REDIRECT] 
2025-01-21 01:14:01,704 [ERROR] LogOutputStream:75 - [STDERR_REDIRECT] [Fatal Error] :1:1: Premature end of file.
2025-01-21 01:14:01,704 [ERROR] LogOutputStream:75 - [STDERR_REDIRECT] 
2025-01-21 01:14:02,722 [ERROR] LogOutputStream:75 - [STDERR_REDIRECT] [Fatal Error] :1:1: Premature end of file.
2025-01-21 01:14:02,722 [ERROR] LogOutputStream:75 - [STDERR_REDIRECT] 
2025-01-21 01:14:03,719 [ERROR] LogOutputStream:75 - [STDERR_REDIRECT] [Fatal Error] :1:1: Premature end of file.
2025-01-21 01:14:03,719 [ERROR] LogOutputStream:75 - [STDERR_REDIRECT] 
2025-01-21 01:14:04,694 [ERROR] LogOutputStream:75 - [STDERR_REDIRECT] [Fatal Error] :1:1: Premature end of file.
2025-01-21 01:14:04,694 [ERROR] LogOutputStream:75 - [STDERR_REDIRECT] 
2025-01-21 01:14:05,687 [ERROR] LogOutputStream:75 - [STDERR_REDIRECT] [Fatal Error] :1:1: Premature end of file.
2025-01-21 01:14:05,687 [ERROR] LogOutputStream:75 - [STDERR_REDIRECT] 
2025-01-21 01:14:06,696 [ERROR] LogOutputStream:75 - [STDERR_REDIRECT] [Fatal Error] :1:1: Premature end of file.
2025-01-21 01:14:06,696 [ERROR] LogOutputStream:75 - [STDERR_REDIRECT] 
2025-01-21 01:14:07,728 [ERROR] LogOutputStream:75 - [STDERR_REDIRECT] [Fatal Error] :1:1: Premature end of file.
2025-01-21 01:14:07,728 [ERROR] LogOutputStream:75 - [STDERR_REDIRECT] 
2025-01-21 01:14:08,714 [ERROR] LogOutputStream:75 - [STDERR_REDIRECT] [Fatal Error] :1:1: Premature end of file.
2025-01-21 01:14:08,714 [ERROR] LogOutputStream:75 - [STDERR_REDIRECT] 
2025-01-21 01:14:09,705 [ERROR] LogOutputStream:75 - [STDERR_REDIRECT] [Fatal Error] :1:1: Premature end of file.
2025-01-21 01:14:09,706 [ERROR] LogOutputStream:75 - [STDERR_REDIRECT] 
2025-01-21 01:14:10,721 [ERROR] LogOutputStream:75 - [STDERR_REDIRECT] [Fatal Error] :1:1: Premature end of file.
2025-01-21 01:14:10,721 [ERROR] LogOutputStream:75 - [STDERR_REDIRECT] 
2025-01-21 01:14:11,714 [ERROR] LogOutputStream:75 - [STDERR_REDIRECT] [Fatal Error] :1:1: Premature end of file.
2025-01-21 01:14:11,714 [ERROR] LogOutputStream:75 - [STDERR_REDIRECT] 
2025-01-21 01:14:12,710 [ERROR] LogOutputStream:75 - [STDERR_REDIRECT] [Fatal Error] :1:1: Premature end of file.
2025-01-21 01:14:12,710 [ERROR] LogOutputStream:75 - [STDERR_REDIRECT] 
2025-01-21 01:14:13,710 [ERROR] LogOutputStream:75 - [STDERR_REDIRECT] [Fatal Error] :1:1: Premature end of file.
2025-01-21 01:14:13,711 [ERROR] LogOutputStream:75 - [STDERR_REDIRECT] 
2025-01-21 01:14:14,713 [ERROR] LogOutputStream:75 - [STDERR_REDIRECT] [Fatal Error] :1:1: Premature end of file.
2025-01-21 01:14:14,713 [ERROR] LogOutputStream:75 - [STDERR_REDIRECT] 
2025-01-21 01:14:15,708 [ERROR] LogOutputStream:75 - [STDERR_REDIRECT] [Fatal Error] :1:1: Premature end of file.
2025-01-21 01:14:15,708 [ERROR] LogOutputStream:75 - [STDERR_REDIRECT] 
2025-01-21 01:14:16,690 [ERROR] LogOutputStream:75 - [STDERR_REDIRECT] [Fatal Error] :1:1: Premature end of file.
2025-01-21 01:14:16,690 [ERROR] LogOutputStream:75 - [STDERR_REDIRECT] 
2025-01-21 01:14:17,699 [ERROR] LogOutputStream:75 - [STDERR_REDIRECT] [Fatal Error] :1:1: Premature end of file.
2025-01-21 01:14:17,699 [ERROR] LogOutputStream:75 - [STDERR_REDIRECT] 
2025-01-21 01:14:18,702 [ERROR] LogOutputStream:75 - [STDERR_REDIRECT] [Fatal Error] :1:1: Premature end of file.
2025-01-21 01:14:18,702 [ERROR] LogOutputStream:75 - [STDERR_REDIRECT] 
2025-01-21 01:14:19,708 [ERROR] LogOutputStream:75 - [STDERR_REDIRECT] [Fatal Error] :1:1: Premature end of file.
2025-01-21 01:14:19,710 [ERROR] LogOutputStream:75 - [STDERR_REDIRECT] 
2025-01-21 01:14:20,693 [ERROR] LogOutputStream:75 - [STDERR_REDIRECT] [Fatal Error] :1:1: Premature end of file.
2025-01-21 01:14:20,693 [ERROR] LogOutputStream:75 - [STDERR_REDIRECT] 
2025-01-21 01:14:21,737 [ERROR] LogOutputStream:75 - [STDERR_REDIRECT] [Fatal Error] :1:1: Premature end of file.
2025-01-21 01:14:21,737 [ERROR] LogOutputStream:75 - [STDERR_REDIRECT] 
2025-01-21 01:14:22,711 [ERROR] LogOutputStream:75 - [STDERR_REDIRECT] [Fatal Error] :1:1: Premature end of file.
2025-01-21 01:14:22,711 [ERROR] LogOutputStream:75 - [STDERR_REDIRECT] 
2025-01-21 01:14:23,691 [ERROR] LogOutputStream:75 - [STDERR_REDIRECT] [Fatal Error] :1:1: Premature end of file.
2025-01-21 01:14:23,691 [ERROR] LogOutputStream:75 - [STDERR_REDIRECT] 
2025-01-21 01:14:24,703 [ERROR] LogOutputStream:75 - [STDERR_REDIRECT] [Fatal Error] :1:1: Premature end of file.
2025-01-21 01:14:24,703 [ERROR] LogOutputStream:75 - [STDERR_REDIRECT] 
2025-01-21 01:14:25,692 [ERROR] LogOutputStream:75 - [STDERR_REDIRECT] [Fatal Error] :1:1: Premature end of file.
2025-01-21 01:14:25,692 [ERROR] LogOutputStream:75 - [STDERR_REDIRECT] 
2025-01-21 01:14:26,712 [ERROR] LogOutputStream:75 - [STDERR_REDIRECT] [Fatal Error] :1:1: Premature end of file.
2025-01-21 01:14:26,713 [ERROR] LogOutputStream:75 - [STDERR_REDIRECT] 
2025-01-21 01:14:27,707 [ERROR] LogOutputStream:75 - [STDERR_REDIRECT] [Fatal Error] :1:1: Premature end of file.
2025-01-21 01:14:27,708 [ERROR] LogOutputStream:75 - [STDERR_REDIRECT] 
2025-01-21 01:14:28,728 [ERROR] LogOutputStream:75 - [STDERR_REDIRECT] [Fatal Error] :1:1: Premature end of file.
2025-01-21 01:14:28,728 [ERROR] LogOutputStream:75 - [STDERR_REDIRECT] 
2025-01-21 01:14:29,700 [ERROR] LogOutputStream:75 - [STDERR_REDIRECT] [Fatal Error] :1:1: Premature end of file.
2025-01-21 01:14:29,700 [ERROR] LogOutputStream:75 - [STDERR_REDIRECT] 
2025-01-21 01:14:30,717 [ERROR] LogOutputStream:75 - [STDERR_REDIRECT] [Fatal Error] :1:1: Premature end of file.
2025-01-21 01:14:30,717 [ERROR] LogOutputStream:75 - [STDERR_REDIRECT] 
2025-01-21 01:14:31,701 [ERROR] LogOutputStream:75 - [STDERR_REDIRECT] [Fatal Error] :1:1: Premature end of file.
2025-01-21 01:14:31,701 [ERROR] LogOutputStream:75 - [STDERR_REDIRECT] 
2025-01-21 01:14:32,709 [ERROR] LogOutputStream:75 - [STDERR_REDIRECT] [Fatal Error] :1:1: Premature end of file.
2025-01-21 01:14:32,709 [ERROR] LogOutputStream:75 - [STDERR_REDIRECT] 
2025-01-21 01:14:33,711 [ERROR] LogOutputStream:75 - [STDERR_REDIRECT] [Fatal Error] :1:1: Premature end of file.
2025-01-21 01:14:33,712 [ERROR] LogOutputStream:75 - [STDERR_REDIRECT] 
2025-01-21 01:14:34,741 [ERROR] LogOutputStream:75 - [STDERR_REDIRECT] [Fatal Error] :1:1: Premature end of file.
2025-01-21 01:14:34,742 [ERROR] LogOutputStream:75 - [STDERR_REDIRECT] 
2025-01-21 01:14:35,691 [ERROR] LogOutputStream:75 - [STDERR_REDIRECT] [Fatal Error] :1:1: Premature end of file.
2025-01-21 01:14:35,691 [ERROR] LogOutputStream:75 - [STDERR_REDIRECT] 
2025-01-21 01:14:36,712 [ERROR] LogOutputStream:75 - [STDERR_REDIRECT] [Fatal Error] :1:1: Premature end of file.
2025-01-21 01:14:36,712 [ERROR] LogOutputStream:75 - [STDERR_REDIRECT] 
2025-01-21 01:14:37,706 [ERROR] LogOutputStream:75 - [STDERR_REDIRECT] [Fatal Error] :1:1: Premature end of file.
2025-01-21 01:14:37,706 [ERROR] LogOutputStream:75 - [STDERR_REDIRECT] 
2025-01-21 01:14:38,709 [ERROR] LogOutputStream:75 - [STDERR_REDIRECT] [Fatal Error] :1:1: Premature end of file.
2025-01-21 01:14:38,709 [ERROR] LogOutputStream:75 - [STDERR_REDIRECT] 
2025-01-21 01:14:39,722 [ERROR] LogOutputStream:75 - [STDERR_REDIRECT] [Fatal Error] :1:1: Premature end of file.
2025-01-21 01:14:39,723 [ERROR] LogOutputStream:75 - [STDERR_REDIRECT] 
2025-01-21 01:14:40,719 [ERROR] LogOutputStream:75 - [STDERR_REDIRECT] [Fatal Error] :1:1: Premature end of file.
2025-01-21 01:14:40,719 [ERROR] LogOutputStream:75 - [STDERR_REDIRECT] 
2025-01-21 01:14:41,713 [ERROR] LogOutputStream:75 - [STDERR_REDIRECT] [Fatal Error] :1:1: Premature end of file.
2025-01-21 01:14:41,714 [ERROR] LogOutputStream:75 - [STDERR_REDIRECT] 
2025-01-21 01:14:42,708 [ERROR] LogOutputStream:75 - [STDERR_REDIRECT] [Fatal Error] :1:1: Premature end of file.
2025-01-21 01:14:42,709 [ERROR] LogOutputStream:75 - [STDERR_REDIRECT] 
2025-01-21 01:14:43,708 [ERROR] LogOutputStream:75 - [STDERR_REDIRECT] [Fatal Error] :1:1: Premature end of file.
2025-01-21 01:14:43,708 [ERROR] LogOutputStream:75 - [STDERR_REDIRECT] 
2025-01-21 01:14:44,708 [ERROR] LogOutputStream:75 - [STDERR_REDIRECT] [Fatal Error] :1:1: Premature end of file.
2025-01-21 01:14:44,708 [ERROR] LogOutputStream:75 - [STDERR_REDIRECT] 
2025-01-21 01:14:45,716 [ERROR] LogOutputStream:75 - [STDERR_REDIRECT] [Fatal Error] :1:1: Premature end of file.
2025-01-21 01:14:45,716 [ERROR] LogOutputStream:75 - [STDERR_REDIRECT] 
2025-01-21 01:14:46,720 [ERROR] LogOutputStream:75 - [STDERR_REDIRECT] [Fatal Error] :1:1: Premature end of file.
2025-01-21 01:14:46,720 [ERROR] LogOutputStream:75 - [STDERR_REDIRECT] 
2025-01-21 01:14:47,725 [ERROR] LogOutputStream:75 - [STDERR_REDIRECT] [Fatal Error] :1:1: Premature end of file.
2025-01-21 01:14:47,725 [ERROR] LogOutputStream:75 - [STDERR_REDIRECT] 
2025-01-21 01:14:48,718 [ERROR] LogOutputStream:75 - [STDERR_REDIRECT] [Fatal Error] :1:1: Premature end of file.
2025-01-21 01:14:48,718 [ERROR] LogOutputStream:75 - [STDERR_REDIRECT] 
